#
# A fatal error has been detected by the Java Runtime Environment:
#
#  EXCEPTION_ACCESS_VIOLATION (0xc0000005) at pc=0x0000000000000000, pid=9824, tid=0x00000000000009d8
#
# JRE version: OpenJDK Runtime Environment (8.0_242-b01) (build 1.8.0_242-release-1644-b01)
# Java VM: OpenJDK 64-Bit Server VM (25.242-b01 mixed mode windows-amd64 compressed oops)
# Problematic frame:
# C  0x0000000000000000
#
# Failed to write core dump. Minidumps are not enabled by default on client versions of Windows
#
# If you would like to submit a bug report, please visit:
#   
#

---------------  T H R E A D  ---------------

Current thread (0x00000000027da000):  GCTaskThread [stack: 0x00000000125c0000,0x00000000126c0000] [id=2520]

siginfo: ExceptionCode=0xc0000005, ExceptionInformation=0x0000000000000008 0x0000000000000000

Registers:
RAX=0x0000000100002728, RBX=0x00000000eb1c75a0, RCX=0x000000010001a868, RDX=0x00000000028aba40
RSP=0x00000000126bf5e8, RBP=0x0000000000000535, RSI=0x00000000028aba40, RDI=0x0000000089e23308
R8 =0x0000000089e23308, R9 =0x000000010001a868, R10=0x0000000000000005, R11=0x0000000089e23308
R12=0x000000006577ddd0, R13=0x0000000000000005, R14=0x0000000000000001, R15=0x00000000027daa00
RIP=0x0000000000000000, EFLAGS=0x0000000000010203

Top of Stack: (sp=0x00000000126bf5e8)
0x00000000126bf5e8:   0000000065532a31 00000000eb1c75a0
0x00000000126bf5f8:   0000000089cf6245 00000000028aba40
0x00000000126bf608:   0000000065227970 00000000fe872110
0x00000000126bf618:   0000000065532efb 0000000089e1b308
0x00000000126bf628:   0000000000000400 0000000000000000
0x00000000126bf638:   00000000027ce401 000000006577ddd0
0x00000000126bf648:   0000000065532b20 0000000089cf6244
0x00000000126bf658:   0000000000000000 00000000028aba40
0x00000000126bf668:   000062a2000017f6 0000000089cf6244
0x00000000126bf678:   00000000655334f5 00000000eb1a2958
0x00000000126bf688:   0000000000000000 00000000028aba40
0x00000000126bf698:   0000000065532a31 000062a2000017f6
0x00000000126bf6a8:   0000000000000006 00000000028aba40
0x00000000126bf6b8:   000062a2000017f6 0000000023ec0e10
0x00000000126bf6c8:   000062a1000017f6 0000347900001aca
0x00000000126bf6d8:   00002eb6000032bb 00000000027da9f0 

Instructions: (pc=0x0000000000000000)
0xffffffffffffffe0:   


Register to memory mapping:

RAX=0x0000000100002728 is pointing into metadata
RBX=0x00000000eb1c75a0 is an oop

[error occurred during error reporting (printing register info), id 0xc0000005]

Stack: [0x00000000125c0000,0x00000000126c0000],  sp=0x00000000126bf5e8,  free space=1021k
Native frames: (J=compiled Java code, j=interpreted, Vv=VM code, C=native code)


---------------  P R O C E S S  ---------------

Java Threads: ( => current thread )
  0x0000000020523800 JavaThread "ForkJoinPool-2-worker-0" daemon [_thread_blocked, id=9840, stack(0x0000000028050000,0x0000000028150000)]
  0x0000000020520000 JavaThread "ForkJoinPool-2-worker-3" daemon [_thread_blocked, id=3948, stack(0x0000000027f50000,0x0000000028050000)]
  0x0000000020524800 JavaThread "ForkJoinPool-2-worker-2" daemon [_thread_blocked, id=13460, stack(0x0000000027e50000,0x0000000027f50000)]
  0x000000002051d000 JavaThread "ForkJoinPool-2-worker-1" daemon [_thread_blocked, id=14000, stack(0x0000000027d50000,0x0000000027e50000)]
  0x000000002051c000 JavaThread "WorkerExecutor Queue Thread 3" [_thread_blocked, id=1776, stack(0x0000000027320000,0x0000000027420000)]
  0x000000001bd52000 JavaThread "WorkerExecutor Queue Thread 2" [_thread_blocked, id=2528, stack(0x0000000027220000,0x0000000027320000)]
  0x0000000017582800 JavaThread "WorkerExecutor Queue" [_thread_blocked, id=6244, stack(0x00000000263f0000,0x00000000264f0000)]
  0x000000001757d800 JavaThread "Cache worker for Java compile cache (C:\Users\licas\AndroidStudioProjects\LojadeServicos\.gradle\6.1.1\javaCompile)" [_thread_blocked, id=12584, stack(0x0000000025bf0000,0x0000000025cf0000)]
  0x000000001757c800 JavaThread "Cache worker for execution history cache (C:\Users\licas\AndroidStudioProjects\LojadeServicos\.gradle\6.1.1\executionHistory)" [_thread_blocked, id=11928, stack(0x0000000025af0000,0x0000000025bf0000)]
  0x000000001e944800 JavaThread "Execution worker for ':' Thread 3" [_thread_blocked, id=11848, stack(0x00000000252e0000,0x00000000253e0000)]
  0x000000001e943800 JavaThread "Execution worker for ':' Thread 2" [_thread_blocked, id=5832, stack(0x0000000024ee0000,0x0000000024fe0000)]
  0x000000001e943000 JavaThread "Execution worker for ':'" [_thread_blocked, id=5372, stack(0x0000000024bd0000,0x0000000024cd0000)]
  0x000000001e941800 JavaThread "Cache worker for file content cache (C:\Users\licas\AndroidStudioProjects\LojadeServicos\.gradle\6.1.1\fileContent)" [_thread_blocked, id=292, stack(0x0000000023550000,0x0000000023650000)]
  0x000000001e940800 JavaThread "Cache worker for Build Output Cleanup Cache (C:\Users\licas\AndroidStudioProjects\LojadeServicos\.gradle\buildOutputCleanup)" [_thread_blocked, id=7720, stack(0x00000000229d0000,0x0000000022ad0000)]
  0x000000001e939000 JavaThread "pool-4-thread-1" [_thread_blocked, id=6028, stack(0x00000000223d0000,0x00000000224d0000)]
  0x000000001e93e800 JavaThread "Build operations Thread 4" [_thread_blocked, id=8040, stack(0x0000000021ed0000,0x0000000021fd0000)]
  0x000000001e93f000 JavaThread "Build operations Thread 3" [_thread_blocked, id=13852, stack(0x0000000021dd0000,0x0000000021ed0000)]
  0x000000001e93d800 JavaThread "Build operations Thread 2" [_thread_blocked, id=12740, stack(0x0000000021cd0000,0x0000000021dd0000)]
  0x000000001e938800 JavaThread "Build operations" [_thread_blocked, id=12496, stack(0x0000000020f50000,0x0000000021050000)]
  0x000000001e936000 JavaThread "Cache worker for cache directory md-rule (C:\Users\licas\.gradle\caches\6.1.1\md-rule)" [_thread_blocked, id=316, stack(0x0000000020b50000,0x0000000020c50000)]
  0x000000001e935800 JavaThread "Cache worker for cache directory md-supplier (C:\Users\licas\.gradle\caches\6.1.1\md-supplier)" [_thread_blocked, id=852, stack(0x0000000020a50000,0x0000000020b50000)]
  0x000000001e937000 JavaThread "Cache worker for file hash cache (C:\Users\licas\AndroidStudioProjects\LojadeServicos\.gradle\6.1.1\fileHashes)" [_thread_blocked, id=13848, stack(0x000000001f920000,0x000000001fa20000)]
  0x000000001e93b800 JavaThread "Cache worker for checksums cache (C:\Users\licas\AndroidStudioProjects\LojadeServicos\.gradle\checksums)" [_thread_blocked, id=1512, stack(0x000000001f620000,0x000000001f720000)]
  0x000000001bd54800 JavaThread "Thread-60" [_thread_blocked, id=2168, stack(0x000000001ce80000,0x000000001cf80000)]
  0x000000001bd53800 JavaThread "Stdin handler" [_thread_blocked, id=11008, stack(0x000000001cb80000,0x000000001cc80000)]
  0x000000001bd50800 JavaThread "Asynchronous log dispatcher for DefaultDaemonConnection: socket connection from /127.0.0.1:64384 to /127.0.0.1:64484" [_thread_blocked, id=12548, stack(0x000000001ca80000,0x000000001cb80000)]
  0x000000001bd48800 JavaThread "Daemon worker Thread 2" [_thread_blocked, id=2792, stack(0x000000001c780000,0x000000001c880000)]
  0x000000001bd4e800 JavaThread "Cancel handler" [_thread_blocked, id=5576, stack(0x000000001c580000,0x000000001c680000)]
  0x000000001bd4d800 JavaThread "Handler for socket connection from /127.0.0.1:64384 to /127.0.0.1:64484" [_thread_in_native, id=8176, stack(0x0000000000c60000,0x0000000000d60000)]
  0x000000001bd46000 JavaThread "Daemon Thread 2" [_thread_blocked, id=11524, stack(0x0000000000b60000,0x0000000000c60000)]
  0x000000001e93a800 JavaThread "Cache worker for Java compile cache (C:\Users\licas\.gradle\caches\6.1.1\javaCompile)" [_thread_blocked, id=12388, stack(0x00000000251e0000,0x00000000252e0000)]
  0x000000001bd49000 JavaThread "Cache worker for file content cache (C:\Users\licas\.gradle\caches\6.1.1\fileContent)" [_thread_blocked, id=4116, stack(0x0000000023670000,0x0000000023770000)]
  0x000000001bd50000 JavaThread "Memory manager" [_thread_blocked, id=13360, stack(0x00000000228d0000,0x00000000229d0000)]
  0x000000001757f800 JavaThread "Cache worker for execution history cache (C:\Users\licas\.gradle\caches\6.1.1\executionHistory)" [_thread_blocked, id=2716, stack(0x0000000020c50000,0x0000000020d50000)]
  0x000000001757c000 JavaThread "Cache worker for file hash cache (C:\Users\licas\.gradle\caches\6.1.1\fileHashes)" [_thread_blocked, id=4108, stack(0x000000001d380000,0x000000001d480000)]
  0x0000000017582000 JavaThread "File lock request listener" [_thread_in_native, id=2700, stack(0x000000001d280000,0x000000001d380000)]
  0x000000001b63d000 JavaThread "Cache worker for journal cache (C:\Users\licas\.gradle\caches\journal-1)" [_thread_blocked, id=2476, stack(0x000000001d180000,0x000000001d280000)]
  0x000000001b3c5000 JavaThread "Daemon periodic checks" [_thread_blocked, id=13824, stack(0x000000001c680000,0x000000001c780000)]
  0x000000001b3a8000 JavaThread "Incoming local TCP Connector on port 64384" [_thread_in_native, id=8316, stack(0x00000000195f0000,0x00000000196f0000)]
  0x000000001b2a9800 JavaThread "Daemon health stats" [_thread_blocked, id=4800, stack(0x00000000194f0000,0x00000000195f0000)]
  0x0000000018f2a800 JavaThread "Service Thread" daemon [_thread_blocked, id=13932, stack(0x00000000192f0000,0x00000000193f0000)]
  0x0000000017581000 JavaThread "C1 CompilerThread2" daemon [_thread_blocked, id=3344, stack(0x0000000018df0000,0x0000000018ef0000)]
  0x000000001756e000 JavaThread "C2 CompilerThread1" daemon [_thread_blocked, id=7160, stack(0x0000000018cf0000,0x0000000018df0000)]
  0x0000000017561800 JavaThread "C2 CompilerThread0" daemon [_thread_blocked, id=14324, stack(0x0000000018bf0000,0x0000000018cf0000)]
  0x0000000017566000 JavaThread "Attach Listener" daemon [_thread_blocked, id=9432, stack(0x0000000018af0000,0x0000000018bf0000)]
  0x0000000017564800 JavaThread "Signal Dispatcher" daemon [_thread_blocked, id=1752, stack(0x00000000189f0000,0x0000000018af0000)]
  0x0000000017549800 JavaThread "Finalizer" daemon [_thread_blocked, id=10992, stack(0x00000000187e0000,0x00000000188e0000)]
  0x00000000028b1000 JavaThread "Reference Handler" daemon [_thread_blocked, id=2592, stack(0x00000000186e0000,0x00000000187e0000)]
  0x000000000293e000 JavaThread "main" [_thread_blocked, id=7664, stack(0x00000000026a0000,0x00000000027a0000)]

Other Threads:
  0x0000000017526800 VMThread [stack: 0x00000000185e0000,0x00000000186e0000] [id=13168]
  0x0000000018f2b800 WatcherThread [stack: 0x00000000193f0000,0x00000000194f0000] [id=9528]

=>0x00000000027da000 (exited) GCTaskThread [stack: 0x00000000125c0000,0x00000000126c0000] [id=2520]

VM state:at safepoint (normal execution)

VM Mutex/Monitor currently owned by a thread:  ([mutex/lock_event])
[0x000000000293d310] Threads_lock - owner thread: 0x0000000017526800
[0x000000000293d010] Heap_lock - owner thread: 0x0000000020524800

heap address: 0x0000000080000000, size: 2048 MB, Compressed Oops mode: 32-bit
Narrow klass base: 0x0000000000000000, Narrow klass shift: 3
Compressed class space size: 1073741824 Address: 0x0000000100000000

Heap:
 PSYoungGen      total 539136K, used 503370K [0x00000000d5580000, 0x00000000fe880000, 0x0000000100000000)
  eden space 476672K, 100% used [0x00000000d5580000,0x00000000f2700000,0x00000000f2700000)
  from space 62464K, 42% used [0x00000000f2700000,0x00000000f41128d8,0x00000000f6400000)
  to   space 59904K, 99% used [0x00000000fae00000,0x00000000fe87a110,0x00000000fe880000)
 ParOldGen       total 316928K, used 174111K [0x0000000080000000, 0x0000000093580000, 0x00000000d5580000)
  object space 316928K, 54% used [0x0000000080000000,0x000000008aa09de0,0x0000000093580000)
 Metaspace       used 87806K, capacity 92098K, committed 92208K, reserved 1128448K
  class space    used 11731K, capacity 12569K, committed 12592K, reserved 1048576K

Card table byte_map: [0x0000000011d00000,0x0000000012110000] byte_map_base: 0x0000000011900000

Marking Bits: (ParMarkBitMap*) 0x000000006592f030
 Begin Bits: [0x00000000127c0000, 0x00000000147c0000)
 End Bits:   [0x00000000147c0000, 0x00000000167c0000)

Polling page: 0x0000000000a50000

CodeCache: size=245760Kb used=41836Kb max_used=41846Kb free=203923Kb
 bounds [0x0000000002940000, 0x0000000005260000, 0x0000000011940000]
 total_blobs=13731 nmethods=12872 adapters=771
 compilation: enabled

Compilation events (10 events):
Event: 294.887 Thread 0x0000000017561800 nmethod 15676 0x000000000524ba90 code [0x000000000524bbe0, 0x000000000524bdb8]
Event: 294.887 Thread 0x0000000017561800 15677       4       com.android.tools.r8.graph.Q::hashCode (8 bytes)
Event: 294.890 Thread 0x0000000017561800 nmethod 15677 0x000000000524b710 code [0x000000000524b860, 0x000000000524b9b8]
Event: 294.894 Thread 0x0000000017581000 15680       3       com.android.tools.r8.graph.J0::c (35 bytes)
Event: 294.894 Thread 0x0000000017561800 15682       4       com.android.tools.r8.graph.J0::d (11 bytes)
Event: 294.894 Thread 0x0000000017581000 nmethod 15680 0x000000000524b350 code [0x000000000524b4a0, 0x000000000524b670]
Event: 294.894 Thread 0x0000000017581000 15681       3       com.android.tools.r8.graph.J0::b (53 bytes)
Event: 294.894 Thread 0x0000000017561800 nmethod 15682 0x0000000005170f90 code [0x00000000051710c0, 0x0000000005171138]
Event: 294.894 Thread 0x0000000017581000 nmethod 15681 0x000000000524ae90 code [0x000000000524b000, 0x000000000524b270]
Event: 294.894 Thread 0x0000000017561800 15683       4       com.android.tools.r8.dex.r$$Lambda$781/1293367479::accept (12 bytes)

GC Heap History (10 events):
Event: 20.767 GC heap after
Heap after GC invocations=13 (full 3):
 PSYoungGen      total 420864K, used 24034K [0x00000000d5580000, 0x00000000f1f80000, 0x0000000100000000)
  eden space 396800K, 0% used [0x00000000d5580000,0x00000000d5580000,0x00000000ed900000)
  from space 24064K, 99% used [0x00000000ef680000,0x00000000f0df89a8,0x00000000f0e00000)
  to   space 30208K, 0% used [0x00000000ed900000,0x00000000ed900000,0x00000000ef680000)
 ParOldGen       total 142336K, used 44938K [0x0000000080000000, 0x0000000088b00000, 0x00000000d5580000)
  object space 142336K, 31% used [0x0000000080000000,0x0000000082be2a20,0x0000000088b00000)
 Metaspace       used 67213K, capacity 70290K, committed 70576K, reserved 1110016K
  class space    used 9189K, capacity 9844K, committed 9904K, reserved 1048576K
}
Event: 25.212 GC heap before
{Heap before GC invocations=14 (full 3):
 PSYoungGen      total 420864K, used 420834K [0x00000000d5580000, 0x00000000f1f80000, 0x0000000100000000)
  eden space 396800K, 100% used [0x00000000d5580000,0x00000000ed900000,0x00000000ed900000)
  from space 24064K, 99% used [0x00000000ef680000,0x00000000f0df89a8,0x00000000f0e00000)
  to   space 30208K, 0% used [0x00000000ed900000,0x00000000ed900000,0x00000000ef680000)
 ParOldGen       total 142336K, used 44938K [0x0000000080000000, 0x0000000088b00000, 0x00000000d5580000)
  object space 142336K, 31% used [0x0000000080000000,0x0000000082be2a20,0x0000000088b00000)
 Metaspace       used 76899K, capacity 80714K, committed 80816K, reserved 1118208K
  class space    used 10612K, capacity 11407K, committed 11440K, reserved 1048576K
Event: 25.392 GC heap after
Heap after GC invocations=14 (full 3):
 PSYoungGen      total 427008K, used 30180K [0x00000000d5580000, 0x00000000fc800000, 0x0000000100000000)
  eden space 396800K, 0% used [0x00000000d5580000,0x00000000d5580000,0x00000000ed900000)
  from space 30208K, 99% used [0x00000000ed900000,0x00000000ef679330,0x00000000ef680000)
  to   space 66048K, 0% used [0x00000000f8780000,0x00000000f8780000,0x00000000fc800000)
 ParOldGen       total 142336K, used 129116K [0x0000000080000000, 0x0000000088b00000, 0x00000000d5580000)
  object space 142336K, 90% used [0x0000000080000000,0x0000000087e17048,0x0000000088b00000)
 Metaspace       used 76899K, capacity 80714K, committed 80816K, reserved 1118208K
  class space    used 10612K, capacity 11407K, committed 11440K, reserved 1048576K
}
Event: 25.392 GC heap before
{Heap before GC invocations=15 (full 4):
 PSYoungGen      total 427008K, used 30180K [0x00000000d5580000, 0x00000000fc800000, 0x0000000100000000)
  eden space 396800K, 0% used [0x00000000d5580000,0x00000000d5580000,0x00000000ed900000)
  from space 30208K, 99% used [0x00000000ed900000,0x00000000ef679330,0x00000000ef680000)
  to   space 66048K, 0% used [0x00000000f8780000,0x00000000f8780000,0x00000000fc800000)
 ParOldGen       total 142336K, used 129116K [0x0000000080000000, 0x0000000088b00000, 0x00000000d5580000)
  object space 142336K, 90% used [0x0000000080000000,0x0000000087e17048,0x0000000088b00000)
 Metaspace       used 76899K, capacity 80714K, committed 80816K, reserved 1118208K
  class space    used 10612K, capacity 11407K, committed 11440K, reserved 1048576K
Event: 26.590 GC heap after
Heap after GC invocations=15 (full 4):
 PSYoungGen      total 427008K, used 9178K [0x00000000d5580000, 0x00000000fc800000, 0x0000000100000000)
  eden space 396800K, 0% used [0x00000000d5580000,0x00000000d5580000,0x00000000ed900000)
  from space 30208K, 30% used [0x00000000ed900000,0x00000000ee1f6918,0x00000000ef680000)
  to   space 66048K, 0% used [0x00000000f8780000,0x00000000f8780000,0x00000000fc800000)
 ParOldGen       total 316928K, used 141995K [0x0000000080000000, 0x0000000093580000, 0x00000000d5580000)
  object space 316928K, 44% used [0x0000000080000000,0x0000000088aaad10,0x0000000093580000)
 Metaspace       used 76517K, capacity 80042K, committed 80816K, reserved 1118208K
  class space    used 10549K, capacity 11293K, committed 11440K, reserved 1048576K
}
Event: 33.665 GC heap before
{Heap before GC invocations=16 (full 4):
 PSYoungGen      total 427008K, used 405978K [0x00000000d5580000, 0x00000000fc800000, 0x0000000100000000)
  eden space 396800K, 100% used [0x00000000d5580000,0x00000000ed900000,0x00000000ed900000)
  from space 30208K, 30% used [0x00000000ed900000,0x00000000ee1f6918,0x00000000ef680000)
  to   space 66048K, 0% used [0x00000000f8780000,0x00000000f8780000,0x00000000fc800000)
 ParOldGen       total 316928K, used 141995K [0x0000000080000000, 0x0000000093580000, 0x00000000d5580000)
  object space 316928K, 44% used [0x0000000080000000,0x0000000088aaad10,0x0000000093580000)
 Metaspace       used 83722K, capacity 87624K, committed 87856K, reserved 1124352K
  class space    used 11515K, capacity 12320K, committed 12336K, reserved 1048576K
Event: 33.766 GC heap after
Heap after GC invocations=16 (full 4):
 PSYoungGen      total 502784K, used 26049K [0x00000000d5580000, 0x00000000fa100000, 0x0000000100000000)
  eden space 476672K, 0% used [0x00000000d5580000,0x00000000d5580000,0x00000000f2700000)
  from space 26112K, 99% used [0x00000000f8780000,0x00000000fa0f04e0,0x00000000fa100000)
  to   space 62464K, 0% used [0x00000000f2700000,0x00000000f2700000,0x00000000f6400000)
 ParOldGen       total 316928K, used 148405K [0x0000000080000000, 0x0000000093580000, 0x00000000d5580000)
  object space 316928K, 46% used [0x0000000080000000,0x00000000890ed4b8,0x0000000093580000)
 Metaspace       used 83722K, capacity 87624K, committed 87856K, reserved 1124352K
  class space    used 11515K, capacity 12320K, committed 12336K, reserved 1048576K
}
Event: 291.424 GC heap before
{Heap before GC invocations=17 (full 4):
 PSYoungGen      total 502784K, used 502721K [0x00000000d5580000, 0x00000000fa100000, 0x0000000100000000)
  eden space 476672K, 100% used [0x00000000d5580000,0x00000000f2700000,0x00000000f2700000)
  from space 26112K, 99% used [0x00000000f8780000,0x00000000fa0f04e0,0x00000000fa100000)
  to   space 62464K, 0% used [0x00000000f2700000,0x00000000f2700000,0x00000000f6400000)
 ParOldGen       total 316928K, used 148405K [0x0000000080000000, 0x0000000093580000, 0x00000000d5580000)
  object space 316928K, 46% used [0x0000000080000000,0x00000000890ed4b8,0x0000000093580000)
 Metaspace       used 87624K, capacity 91774K, committed 91952K, reserved 1128448K
  class space    used 11720K, capacity 12549K, committed 12592K, reserved 1048576K
Event: 291.489 GC heap after
Heap after GC invocations=17 (full 4):
 PSYoungGen      total 539136K, used 26698K [0x00000000d5580000, 0x00000000fe880000, 0x0000000100000000)
  eden space 476672K, 0% used [0x00000000d5580000,0x00000000d5580000,0x00000000f2700000)
  from space 62464K, 42% used [0x00000000f2700000,0x00000000f41128d8,0x00000000f6400000)
  to   space 59904K, 0% used [0x00000000fae00000,0x00000000fae00000,0x00000000fe880000)
 ParOldGen       total 316928K, used 148413K [0x0000000080000000, 0x0000000093580000, 0x00000000d5580000)
  object space 316928K, 46% used [0x0000000080000000,0x00000000890ef4b8,0x0000000093580000)
 Metaspace       used 87624K, capacity 91774K, committed 91952K, reserved 1128448K
  class space    used 11720K, capacity 12549K, committed 12592K, reserved 1048576K
}
Event: 294.897 GC heap before
{Heap before GC invocations=18 (full 4):
 PSYoungGen      total 539136K, used 503370K [0x00000000d5580000, 0x00000000fe880000, 0x0000000100000000)
  eden space 476672K, 100% used [0x00000000d5580000,0x00000000f2700000,0x00000000f2700000)
  from space 62464K, 42% used [0x00000000f2700000,0x00000000f41128d8,0x00000000f6400000)
  to   space 59904K, 0% used [0x00000000fae00000,0x00000000fae00000,0x00000000fe880000)
 ParOldGen       total 316928K, used 148413K [0x0000000080000000, 0x0000000093580000, 0x00000000d5580000)
  object space 316928K, 46% used [0x0000000080000000,0x00000000890ef4b8,0x0000000093580000)
 Metaspace       used 87806K, capacity 92098K, committed 92208K, reserved 1128448K
  class space    used 11731K, capacity 12569K, committed 12592K, reserved 1048576K

Deoptimization events (10 events):
Event: 291.847 Thread 0x0000000017582800 Uncommon trap: reason=class_check action=maybe_recompile pc=0x00000000048ac098 method=com.android.tools.r8.dex.r.a(Ljava/util/List;Z)V @ 143
Event: 291.847 Thread 0x0000000017582800 Uncommon trap: reason=class_check action=maybe_recompile pc=0x00000000048de244 method=com.android.tools.r8.dex.r.a(Ljava/util/Collection;ILjava/util/function/Consumer;)V @ 29
Event: 291.847 Thread 0x0000000017582800 Uncommon trap: reason=class_check action=maybe_recompile pc=0x00000000048de244 method=com.android.tools.r8.dex.r.a(Ljava/util/Collection;ILjava/util/function/Consumer;)V @ 29
Event: 291.874 Thread 0x000000001e944800 Uncommon trap: reason=bimorphic action=maybe_recompile pc=0x0000000004cde1d8 method=com.google.common.cache.LocalCache$Segment.getLiveValue(Lcom/google/common/cache/ReferenceEntry;J)Ljava/lang/Object; @ 21
Event: 291.882 Thread 0x000000001bd48800 Uncommon trap: reason=bimorphic action=maybe_recompile pc=0x0000000004cde1d8 method=com.google.common.cache.LocalCache$Segment.getLiveValue(Lcom/google/common/cache/ReferenceEntry;J)Ljava/lang/Object; @ 21
Event: 291.884 Thread 0x000000001e943000 Uncommon trap: reason=unstable_if action=reinterpret pc=0x0000000003ec76b8 method=com.google.common.util.concurrent.AbstractFuture.releaseWaiters()V @ 22
Event: 293.384 Thread 0x000000001bd52000 Uncommon trap: reason=class_check action=maybe_recompile pc=0x0000000004790670 method=java.util.stream.SortedOps$SizedRefSortingSink.end()V @ 57
Event: 293.385 Thread 0x000000001bd52000 Uncommon trap: reason=class_check action=maybe_recompile pc=0x0000000004790670 method=java.util.stream.SortedOps$SizedRefSortingSink.end()V @ 57
Event: 293.917 Thread 0x0000000020524800 Uncommon trap: reason=unstable_if action=reinterpret pc=0x0000000003bd4d20 method=com.android.tools.r8.graph.H0.a(Ljava/util/Collection;Ljava/util/function/Consumer;)Lcom/android/tools/r8/v/a/a/a/h/G0; @ 85
Event: 294.561 Thread 0x0000000020524800 Uncommon trap: reason=unstable_if action=reinterpret pc=0x0000000004823b3c method=com.android.tools.r8.dex.r.b()Lcom/android/tools/r8/dex/r$a; @ 416

Classes redefined (0 events):
No events

Internal exceptions (10 events):
Event: 290.419 Thread 0x000000001e943000 Exception <a 'sun/nio/fs/WindowsException'> (0x00000000ecf435e8) thrown at [C:\src\AOSP-openjdk-git\hotspot\src\share\vm\prims\jni.cpp, line 710]
Event: 290.419 Thread 0x000000001e943000 Exception <a 'sun/nio/fs/WindowsException'> (0x00000000ecf442b8) thrown at [C:\src\AOSP-openjdk-git\hotspot\src\share\vm\prims\jni.cpp, line 710]
Event: 290.419 Thread 0x000000001e943000 Exception <a 'sun/nio/fs/WindowsException'> (0x00000000ecf44ff8) thrown at [C:\src\AOSP-openjdk-git\hotspot\src\share\vm\prims\jni.cpp, line 710]
Event: 290.420 Thread 0x000000001e943000 Exception <a 'sun/nio/fs/WindowsException'> (0x00000000ecf46e10) thrown at [C:\src\AOSP-openjdk-git\hotspot\src\share\vm\prims\jni.cpp, line 710]
Event: 290.420 Thread 0x000000001e943000 Exception <a 'sun/nio/fs/WindowsException'> (0x00000000ecf47af0) thrown at [C:\src\AOSP-openjdk-git\hotspot\src\share\vm\prims\jni.cpp, line 710]
Event: 290.420 Thread 0x000000001e943000 Exception <a 'sun/nio/fs/WindowsException'> (0x00000000ecf48840) thrown at [C:\src\AOSP-openjdk-git\hotspot\src\share\vm\prims\jni.cpp, line 710]
Event: 291.787 Thread 0x0000000017582800 Exception <a 'sun/nio/fs/WindowsException'> (0x00000000d79cdd38) thrown at [C:\src\AOSP-openjdk-git\hotspot\src\share\vm\prims\jni.cpp, line 710]
Event: 291.844 Thread 0x0000000017582800 Exception <a 'sun/nio/fs/WindowsException'> (0x00000000d7b77ce8) thrown at [C:\src\AOSP-openjdk-git\hotspot\src\share\vm\prims\jni.cpp, line 710]
Event: 291.848 Thread 0x0000000017582800 Exception <a 'sun/nio/fs/WindowsException'> (0x00000000d7b84bf8) thrown at [C:\src\AOSP-openjdk-git\hotspot\src\share\vm\prims\jni.cpp, line 710]
Event: 292.171 Thread 0x000000001bd52000 Exception <a 'sun/nio/fs/WindowsException'> (0x00000000d9feb930) thrown at [C:\src\AOSP-openjdk-git\hotspot\src\share\vm\prims\jni.cpp, line 710]

Events (10 events):
Event: 293.991 Thread 0x0000000020524800 DEOPT UNPACKING pc=0x00000000029875d0 sp=0x0000000027f4ecb0 mode 0
Event: 293.993 Thread 0x0000000017581000 flushing nmethod 0x0000000004a24d10
Event: 294.014 Thread 0x0000000020524800 DEOPT PACKING pc=0x00000000045f86e8 sp=0x0000000027f4eb00
Event: 294.014 Thread 0x0000000020524800 DEOPT UNPACKING pc=0x00000000029875d0 sp=0x0000000027f4ecb0 mode 0
Event: 294.537 Thread 0x0000000020524800 DEOPT PACKING pc=0x000000000480149e sp=0x0000000027f4eb70
Event: 294.537 Thread 0x0000000020524800 DEOPT UNPACKING pc=0x00000000029875d0 sp=0x0000000027f4ee78 mode 0
Event: 294.561 Thread 0x0000000020524800 Uncommon trap: trap_request=0xffffff65 fr.pc=0x0000000004823b3c
Event: 294.561 Thread 0x0000000020524800 DEOPT PACKING pc=0x0000000004823b3c sp=0x0000000027f4f110
Event: 294.561 Thread 0x0000000020524800 DEOPT UNPACKING pc=0x000000000298557b sp=0x0000000027f4f100 mode 2
Event: 294.897 Executing VM operation: ParallelGCFailedAllocation


Dynamic libraries:
0x00007ff757130000 - 0x00007ff757161000 	C:\Program Files\Android\Android Studio\jre\bin\java.exe
0x00007ffe977c0000 - 0x00007ffe979b0000 	C:\WINDOWS\SYSTEM32\ntdll.dll
0x00007ffe95cf0000 - 0x00007ffe95da2000 	C:\WINDOWS\System32\KERNEL32.DLL
0x00007ffe94a50000 - 0x00007ffe94cf5000 	C:\WINDOWS\System32\KERNELBASE.dll
0x00007ffe95b70000 - 0x00007ffe95c13000 	C:\WINDOWS\System32\ADVAPI32.dll
0x00007ffe97610000 - 0x00007ffe976ae000 	C:\WINDOWS\System32\msvcrt.dll
0x00007ffe97570000 - 0x00007ffe97607000 	C:\WINDOWS\System32\sechost.dll
0x00007ffe967e0000 - 0x00007ffe96900000 	C:\WINDOWS\System32\RPCRT4.dll
0x00007ffe973d0000 - 0x00007ffe97565000 	C:\WINDOWS\System32\USER32.dll
0x00007ffe94880000 - 0x00007ffe948a1000 	C:\WINDOWS\System32\win32u.dll
0x00007ffe95cb0000 - 0x00007ffe95cd6000 	C:\WINDOWS\System32\GDI32.dll
0x00007ffe956d0000 - 0x00007ffe95866000 	C:\WINDOWS\System32\gdi32full.dll
0x00007ffe949b0000 - 0x00007ffe94a4e000 	C:\WINDOWS\System32\msvcp_win.dll
0x00007ffe948b0000 - 0x00007ffe949aa000 	C:\WINDOWS\System32\ucrtbase.dll
0x00007ffe93b10000 - 0x00007ffe93d94000 	C:\WINDOWS\WinSxS\amd64_microsoft.windows.common-controls_6595b64144ccf1df_6.0.18362.1082_none_9e8193e1e45b25c1\COMCTL32.dll
0x00007ffe964a0000 - 0x00007ffe967d5000 	C:\WINDOWS\System32\combase.dll
0x00007ffe94750000 - 0x00007ffe947d0000 	C:\WINDOWS\System32\bcryptPrimitives.dll
0x00007ffe95c20000 - 0x00007ffe95c4e000 	C:\WINDOWS\System32\IMM32.DLL
0x0000000064fa0000 - 0x0000000065072000 	C:\Program Files\Android\Android Studio\jre\jre\bin\msvcr100.dll
0x0000000065160000 - 0x00000000659ab000 	C:\Program Files\Android\Android Studio\jre\jre\bin\server\jvm.dll
0x00007ffe973c0000 - 0x00007ffe973c8000 	C:\WINDOWS\System32\PSAPI.DLL
0x00007ffe91610000 - 0x00007ffe91634000 	C:\WINDOWS\SYSTEM32\WINMM.dll
0x00007ffe92ac0000 - 0x00007ffe92ac9000 	C:\WINDOWS\SYSTEM32\WSOCK32.dll
0x00007ffe96c70000 - 0x00007ffe96cdf000 	C:\WINDOWS\System32\WS2_32.dll
0x00007ffe91500000 - 0x00007ffe9152d000 	C:\WINDOWS\SYSTEM32\WINMMBASE.dll
0x00007ffe80c40000 - 0x00007ffe80c4a000 	C:\WINDOWS\SYSTEM32\VERSION.dll
0x00007ffe94d00000 - 0x00007ffe94d4a000 	C:\WINDOWS\System32\cfgmgr32.dll
0x00007ffe92a30000 - 0x00007ffe92a3f000 	C:\Program Files\Android\Android Studio\jre\jre\bin\verify.dll
0x00007ffe87cc0000 - 0x00007ffe87ce9000 	C:\Program Files\Android\Android Studio\jre\jre\bin\java.dll
0x00007ffe8f000000 - 0x00007ffe8f016000 	C:\Program Files\Android\Android Studio\jre\jre\bin\zip.dll
0x00007ffe95db0000 - 0x00007ffe96497000 	C:\WINDOWS\System32\SHELL32.dll
0x00007ffe976d0000 - 0x00007ffe97779000 	C:\WINDOWS\System32\shcore.dll
0x00007ffe94d50000 - 0x00007ffe954d0000 	C:\WINDOWS\System32\windows.storage.dll
0x00007ffe94690000 - 0x00007ffe946b3000 	C:\WINDOWS\System32\profapi.dll
0x00007ffe94700000 - 0x00007ffe9474a000 	C:\WINDOWS\System32\powrprof.dll
0x00007ffe94680000 - 0x00007ffe94690000 	C:\WINDOWS\System32\UMPDC.dll
0x00007ffe95a90000 - 0x00007ffe95ae2000 	C:\WINDOWS\System32\shlwapi.dll
0x00007ffe946e0000 - 0x00007ffe946f1000 	C:\WINDOWS\System32\kernel.appcore.dll
0x00007ffe94860000 - 0x00007ffe94877000 	C:\WINDOWS\System32\cryptsp.dll
0x00007ffe8efd0000 - 0x00007ffe8efea000 	C:\Program Files\Android\Android Studio\jre\jre\bin\net.dll
0x00007ffe937f0000 - 0x00007ffe93857000 	C:\WINDOWS\system32\mswsock.dll
0x00007ffe87ca0000 - 0x00007ffe87cb3000 	C:\Program Files\Android\Android Studio\jre\jre\bin\nio.dll
0x00007ffe79e00000 - 0x00007ffe79e26000 	C:\Users\licas\.gradle\native\31\windows-amd64\native-platform.dll
0x00007ffe92a20000 - 0x00007ffe92a2d000 	C:\Program Files\Android\Android Studio\jre\jre\bin\management.dll
0x00007ffe93360000 - 0x00007ffe93393000 	C:\WINDOWS\system32\rsaenh.dll
0x00007ffe94830000 - 0x00007ffe94856000 	C:\WINDOWS\System32\bcrypt.dll
0x00007ffe945a0000 - 0x00007ffe945c5000 	C:\WINDOWS\SYSTEM32\USERENV.dll
0x00007ffe939c0000 - 0x00007ffe939cc000 	C:\WINDOWS\SYSTEM32\CRYPTBASE.dll
0x00007ffe93500000 - 0x00007ffe9353a000 	C:\WINDOWS\SYSTEM32\IPHLPAPI.DLL
0x00007ffe95ce0000 - 0x00007ffe95ce8000 	C:\WINDOWS\System32\NSI.dll
0x00007ffe895e0000 - 0x00007ffe895f6000 	C:\WINDOWS\SYSTEM32\dhcpcsvc6.DLL
0x00007ffe89590000 - 0x00007ffe895ac000 	C:\WINDOWS\SYSTEM32\dhcpcsvc.DLL
0x00007ffe93540000 - 0x00007ffe9360b000 	C:\WINDOWS\SYSTEM32\DNSAPI.dll
0x00007ffe94130000 - 0x00007ffe94324000 	C:\WINDOWS\SYSTEM32\dbghelp.dll

VM Arguments:
jvm_args: -Xmx2048m -Dfile.encoding=windows-1252 -Duser.country=BR -Duser.language=pt -Duser.variant 
java_command: org.gradle.launcher.daemon.bootstrap.GradleDaemon 6.1.1
java_class_path (initial): C:\Users\licas\.gradle\wrapper\dists\gradle-6.1.1-all\cfmwm155h49vnt3hynmlrsdst\gradle-6.1.1\lib\gradle-launcher-6.1.1.jar
Launcher Type: SUN_STANDARD

Environment Variables:
JAVA_HOME=C:\Program Files\Java\jdk-11.0.6
PATH=C:\Program Files (x86)\Common Files\Oracle\Java\javapath;C:\WINDOWS\system32;C:\WINDOWS;C:\WINDOWS\System32\Wbem;C:\WINDOWS\System32\WindowsPowerShell\v1.0\;C:\WINDOWS\System32\OpenSSH\;C:\Program Files\Java\jdk-11.0.6\bin;D:\Programas\Git\cmd;C:\Program Files\MySQL\MySQL Shell 8.0\bin\;C:\Users\licas\AppData\Local\Microsoft\WindowsApps;
USERNAME=Agnaldo
OS=Windows_NT
PROCESSOR_IDENTIFIER=Intel64 Family 6 Model 142 Stepping 10, GenuineIntel



---------------  S Y S T E M  ---------------

OS: Windows 10.0 , 64 bit Build 18362 (10.0.18362.1082)

CPU:total 4 (initial active 4) (2 cores per cpu, 2 threads per core) family 6 model 142 stepping 10, cmov, cx8, fxsr, mmx, sse, sse2, sse3, ssse3, sse4.1, sse4.2, popcnt, avx, avx2, aes, clmul, erms, 3dnowpref, lzcnt, ht, tsc, tscinvbit, bmi1, bmi2, adx

Memory: 4k page, physical 12489956k(2952048k free), swap 14719324k(2090700k free)

vm_info: OpenJDK 64-Bit Server VM (25.242-b01) for windows-amd64 JRE (1.8.0_242-release-1644-b01), built by "builder" with MS VC++ 10.0 (VS2010)

time: Wed Oct 07 21:28:14 2020
timezone: Hora Padrão Brasil Central
elapsed time: 295 seconds (0d 0h 4m 55s)

