#
# A fatal error has been detected by the Java Runtime Environment:
#
#  EXCEPTION_ACCESS_VIOLATION (0xc0000005) at pc=0x00000000027d02d0, pid=9836, tid=0x0000000000002f98
#
# JRE version: OpenJDK Runtime Environment (8.0_242-b01) (build 1.8.0_242-release-1644-b01)
# Java VM: OpenJDK 64-Bit Server VM (25.242-b01 mixed mode windows-amd64 compressed oops)
# Problematic frame:
# C  0x00000000027d02d0
#
# Failed to write core dump. Minidumps are not enabled by default on client versions of Windows
#
# If you would like to submit a bug report, please visit:
#   
#

---------------  T H R E A D  ---------------

Current thread (0x00000000027e7000):  GCTaskThread [stack: 0x0000000012350000,0x0000000012450000] [id=12184]

siginfo: ExceptionCode=0xc0000005, ExceptionInformation=0x0000000000000008 0x00000000027d02d0

Registers:
RAX=0x0000000016b50058, RBX=0x00000000e9f2d5a0, RCX=0x00000001009f4298, RDX=0x00000000e9f2d5a0
RSP=0x000000001244f7e8, RBP=0x0000000011d0e9ca, RSI=0x00000000028bb680, RDI=0x000000008fd393f8
R8 =0x0000000000000000, R9 =0x00000001009f4298, R10=0x0000000000000008, R11=0x00000000f369fff0
R12=0x0000000011d0e1ca, R13=0x0000000bfe10ba21, R14=0x0000000000000000, R15=0x00000000027e2570
RIP=0x00000000027d02d0, EFLAGS=0x0000000000010246

Top of Stack: (sp=0x000000001244f7e8)
0x000000001244f7e8:   00000000655327b2 0000000000000029
0x000000001244f7f8:   0000000000000004 00000000028bb680
0x000000001244f808:   00000000ec26880c 00000000f3698000
0x000000001244f818:   0000000000001000 00000000938b2df8
0x000000001244f828:   0000000000000400 0000000000000000
0x000000001244f838:   00000000028bb600 0000000011d0e1ca
0x000000001244f848:   0000000065532b20 000000008fd131c8
0x000000001244f858:   0000000011d0e9ca 00000000028bb680
0x000000001244f868:   000000008fd393f8 000000008fd131c8
0x000000001244f878:   00000000655336c5 00000000e796d380
0x000000001244f888:   0000000011d03001 00000000028bb680
0x000000001244f898:   0000000000000003 00000000028bb680
0x000000001244f8a8:   00007ffe94a91e93 000000008393fd9c
0x000000001244f8b8:   000000006524fdb0 00000000028bb680
0x000000001244f8c8:   000000006524e3a3 000000008fd393d9
0x000000001244f8d8:   000000008fd393d9 000000008fb7dba0 

Instructions: (pc=0x00000000027d02d0)
0x00000000027d02b0:   00 00 00 00 00 00 00 00 00 00 00 00 00 00 00 00
0x00000000027d02c0:   00 00 00 00 00 00 00 00 c8 1d e8 2b 00 04 00 88
0x00000000027d02d0:   00 00 00 00 00 00 00 00 00 00 00 00 00 00 00 00
0x00000000027d02e0:   00 00 00 00 00 00 00 00 00 00 00 00 00 00 00 00 


Register to memory mapping:

RAX=0x0000000016b50058 is pointing into metadata
RBX=0x00000000e9f2d5a0 is an oop

[error occurred during error reporting (printing register info), id 0xc0000005]

Stack: [0x0000000012350000,0x0000000012450000],  sp=0x000000001244f7e8,  free space=1021k
Native frames: (J=compiled Java code, j=interpreted, Vv=VM code, C=native code)
C  0x00000000027d02d0


---------------  P R O C E S S  ---------------

Java Threads: ( => current thread )
  0x000000001e74f000 JavaThread "Cache worker for execution history cache (C:\Users\licas\AndroidStudioProjects\LojadeServicos\.gradle\6.1.1\executionHistory)" [_thread_blocked, id=7484, stack(0x0000000025240000,0x0000000025340000)]
  0x000000001e747000 JavaThread "Execution worker for ':' Thread 3" [_thread_blocked, id=10516, stack(0x0000000024e40000,0x0000000024f40000)]
  0x000000001e74d000 JavaThread "Execution worker for ':' Thread 2" [_thread_blocked, id=9160, stack(0x0000000024850000,0x0000000024950000)]
  0x000000001e74b800 JavaThread "Execution worker for ':'" [_thread_blocked, id=9356, stack(0x0000000024550000,0x0000000024650000)]
  0x000000001e74a000 JavaThread "Cache worker for file content cache (C:\Users\licas\AndroidStudioProjects\LojadeServicos\.gradle\6.1.1\fileContent)" [_thread_blocked, id=7856, stack(0x00000000235e0000,0x00000000236e0000)]
  0x000000001e748800 JavaThread "Cache worker for Build Output Cleanup Cache (C:\Users\licas\AndroidStudioProjects\LojadeServicos\.gradle\buildOutputCleanup)" [_thread_blocked, id=14176, stack(0x0000000023060000,0x0000000023160000)]
  0x000000001e74c000 JavaThread "pool-46-thread-1" [_thread_blocked, id=10744, stack(0x0000000022f60000,0x0000000023060000)]
  0x000000001e744000 JavaThread "Build operations Thread 4" [_thread_blocked, id=1664, stack(0x0000000022e60000,0x0000000022f60000)]
  0x000000001e749000 JavaThread "Build operations Thread 3" [_thread_blocked, id=7512, stack(0x0000000022d60000,0x0000000022e60000)]
  0x0000000020025000 JavaThread "Build operations Thread 2" [_thread_blocked, id=5268, stack(0x00000000229d0000,0x0000000022ad0000)]
  0x000000002002a800 JavaThread "Build operations" [_thread_blocked, id=3744, stack(0x000000001fc30000,0x000000001fd30000)]
  0x000000002002b800 JavaThread "Cache worker for cache directory md-rule (C:\Users\licas\.gradle\caches\6.1.1\md-rule)" [_thread_blocked, id=12096, stack(0x000000001fb30000,0x000000001fc30000)]
  0x0000000020028800 JavaThread "Cache worker for cache directory md-supplier (C:\Users\licas\.gradle\caches\6.1.1\md-supplier)" [_thread_blocked, id=11420, stack(0x000000001f630000,0x000000001f730000)]
  0x0000000020024800 JavaThread "Cache worker for file hash cache (C:\Users\licas\AndroidStudioProjects\LojadeServicos\.gradle\6.1.1\fileHashes)" [_thread_blocked, id=9152, stack(0x000000001f530000,0x000000001f630000)]
  0x000000002002a000 JavaThread "Cache worker for checksums cache (C:\Users\licas\AndroidStudioProjects\LojadeServicos\.gradle\checksums)" [_thread_blocked, id=7268, stack(0x000000001cd90000,0x000000001ce90000)]
  0x000000002001c000 JavaThread "Thread-458" [_thread_blocked, id=1888, stack(0x000000001ca90000,0x000000001cb90000)]
  0x0000000020022000 JavaThread "Stdin handler" [_thread_blocked, id=11300, stack(0x000000001c990000,0x000000001ca90000)]
  0x0000000020023000 JavaThread "Asynchronous log dispatcher for DefaultDaemonConnection: socket connection from /127.0.0.1:63166 to /127.0.0.1:64377" [_thread_blocked, id=2064, stack(0x000000001c690000,0x000000001c790000)]
  0x0000000020020800 JavaThread "Daemon worker Thread 13" [_thread_blocked, id=8700, stack(0x000000001c590000,0x000000001c690000)]
  0x0000000020021800 JavaThread "Cancel handler" [_thread_blocked, id=7860, stack(0x0000000002570000,0x0000000002670000)]
  0x0000000020020000 JavaThread "Handler for socket connection from /127.0.0.1:63166 to /127.0.0.1:64377" [_thread_in_native, id=6152, stack(0x0000000000bd0000,0x0000000000cd0000)]
  0x000000002001e800 JavaThread "Daemon Thread 13" [_thread_blocked, id=7796, stack(0x0000000000ad0000,0x0000000000bd0000)]
  0x0000000020026000 JavaThread "MarlinRenderer Disposer" daemon [_thread_blocked, id=11740, stack(0x0000000027500000,0x0000000027600000)]
  0x0000000020027800 JavaThread "Java2D Disposer" daemon [_thread_blocked, id=8880, stack(0x0000000026bd0000,0x0000000026cd0000)]
  0x000000002001f000 JavaThread "Cache worker for Java compile cache (C:\Users\licas\.gradle\caches\6.1.1\javaCompile)" [_thread_blocked, id=13184, stack(0x0000000025140000,0x0000000025240000)]
  0x00000000204ed000 JavaThread "Cache worker for file content cache (C:\Users\licas\.gradle\caches\6.1.1\fileContent)" [_thread_blocked, id=10536, stack(0x00000000242e0000,0x00000000243e0000)]
  0x00000000204ee800 JavaThread "Memory manager" [_thread_blocked, id=11012, stack(0x0000000024450000,0x0000000024550000)]
  0x0000000017506800 JavaThread "Cache worker for execution history cache (C:\Users\licas\.gradle\caches\6.1.1\executionHistory)" [_thread_blocked, id=6856, stack(0x000000001fd30000,0x000000001fe30000)]
  0x000000001750a000 JavaThread "Cache worker for file hash cache (C:\Users\licas\.gradle\caches\6.1.1\fileHashes)" [_thread_blocked, id=7816, stack(0x000000001d290000,0x000000001d390000)]
  0x000000001750b000 JavaThread "File lock request listener" [_thread_in_native, id=13172, stack(0x000000001d190000,0x000000001d290000)]
  0x0000000019239800 JavaThread "Cache worker for journal cache (C:\Users\licas\.gradle\caches\journal-1)" [_thread_blocked, id=8172, stack(0x000000001d090000,0x000000001d190000)]
  0x000000001b0ad800 JavaThread "Daemon periodic checks" [_thread_blocked, id=12876, stack(0x000000001c490000,0x000000001c590000)]
  0x000000001b05d000 JavaThread "Incoming local TCP Connector on port 63166" [_thread_in_native, id=9616, stack(0x000000001c230000,0x000000001c330000)]
  0x000000001af9f800 JavaThread "Daemon health stats" [_thread_blocked, id=5264, stack(0x000000001bbf0000,0x000000001bcf0000)]
  0x0000000018e80800 JavaThread "Service Thread" daemon [_thread_blocked, id=9768, stack(0x0000000019250000,0x0000000019350000)]
  0x0000000017508800 JavaThread "C1 CompilerThread2" daemon [_thread_blocked, id=11492, stack(0x0000000018d50000,0x0000000018e50000)]
  0x0000000017500800 JavaThread "C2 CompilerThread1" daemon [_thread_blocked, id=8792, stack(0x0000000018c50000,0x0000000018d50000)]
  0x00000000174f1800 JavaThread "C2 CompilerThread0" daemon [_thread_blocked, id=10736, stack(0x0000000018b50000,0x0000000018c50000)]
  0x00000000174f6000 JavaThread "Attach Listener" daemon [_thread_blocked, id=11664, stack(0x0000000018a50000,0x0000000018b50000)]
  0x00000000174f4800 JavaThread "Signal Dispatcher" daemon [_thread_blocked, id=6916, stack(0x0000000018950000,0x0000000018a50000)]
  0x00000000028cb000 JavaThread "Finalizer" daemon [_thread_blocked, id=13060, stack(0x0000000018740000,0x0000000018840000)]
  0x00000000174d9000 JavaThread "Reference Handler" daemon [_thread_blocked, id=8168, stack(0x0000000018640000,0x0000000018740000)]
  0x000000000267e000 JavaThread "main" [_thread_blocked, id=13832, stack(0x00000000026d0000,0x00000000027d0000)]

Other Threads:
  0x00000000174b6800 VMThread [stack: 0x0000000018540000,0x0000000018640000] [id=4824]
  0x000000001754e000 WatcherThread [stack: 0x0000000019350000,0x0000000019450000] [id=5596]

=>0x00000000027e7000 (exited) GCTaskThread [stack: 0x0000000012350000,0x0000000012450000] [id=12184]

VM state:at safepoint (normal execution)

VM Mutex/Monitor currently owned by a thread:  ([mutex/lock_event])
[0x000000000267c910] Threads_lock - owner thread: 0x00000000174b6800
[0x000000000267ce90] Heap_lock - owner thread: 0x000000001e74d000

heap address: 0x0000000080000000, size: 2048 MB, Compressed Oops mode: 32-bit
Narrow klass base: 0x0000000000000000, Narrow klass shift: 3
Compressed class space size: 1073741824 Address: 0x0000000100000000

Heap:
 PSYoungGen      total 422400K, used 422351K [0x00000000d5580000, 0x0000000100000000, 0x0000000100000000)
  eden space 275968K, 100% used [0x00000000d5580000,0x00000000e6300000,0x00000000e6300000)
  from space 146432K, 99% used [0x00000000e6300000,0x00000000ef1f3d78,0x00000000ef200000)
  to   space 219648K, 8% used [0x00000000f2980000,0x00000000f3ca1f50,0x0000000100000000)
 ParOldGen       total 395776K, used 335326K [0x0000000080000000, 0x0000000098280000, 0x00000000d5580000)
  object space 395776K, 84% used [0x0000000080000000,0x0000000094777868,0x0000000098280000)
 Metaspace       used 102461K, capacity 110528K, committed 110760K, reserved 1144832K
  class space    used 13060K, capacity 14434K, committed 14512K, reserved 1048576K

Card table byte_map: [0x0000000011c90000,0x00000000120a0000] byte_map_base: 0x0000000011890000

Marking Bits: (ParMarkBitMap*) 0x000000006592f030
 Begin Bits: [0x0000000012750000, 0x0000000014750000)
 End Bits:   [0x0000000014750000, 0x0000000016750000)

Polling page: 0x0000000000d30000

CodeCache: size=245760Kb used=72854Kb max_used=72854Kb free=172905Kb
 bounds [0x00000000028d0000, 0x0000000007070000, 0x00000000118d0000]
 total_blobs=21083 nmethods=20091 adapters=903
 compilation: enabled

Compilation events (10 events):
Event: 3537.749 Thread 0x0000000017508800 26822       1       com.android.build.gradle.internal.dependency.AarTransform$Parameters_Decorated::immutable (3 bytes)
Event: 3537.750 Thread 0x0000000017508800 nmethod 26822 0x00000000064d2310 code [0x00000000064d2460, 0x00000000064d2570]
Event: 3537.750 Thread 0x0000000017508800 26823       1       com.android.build.gradle.internal.dependency.AarTransform$Parameters_Decorated::publicType (3 bytes)
Event: 3537.750 Thread 0x0000000017508800 nmethod 26823 0x00000000064d2050 code [0x00000000064d21a0, 0x00000000064d22b0]
Event: 3537.804 Thread 0x0000000017508800 26824       3       com.sun.org.apache.xerces.internal.impl.XMLScanner::scanPseudoAttribute (360 bytes)
Event: 3537.807 Thread 0x0000000017508800 nmethod 26824 0x00000000064bb810 code [0x00000000064bbc00, 0x00000000064bdf58]
Event: 3537.807 Thread 0x0000000017508800 26825       3       com.sun.org.apache.xerces.internal.impl.XMLScanner::scanPseudoAttributeName (97 bytes)
Event: 3537.808 Thread 0x0000000017508800 nmethod 26825 0x00000000064d1950 code [0x00000000064d1b00, 0x00000000064d1ed8]
Event: 3537.808 Thread 0x0000000017508800 26826       1       org.gradle.api.internal.provider.Collectors$ElementsFromCollection::present (2 bytes)
Event: 3537.808 Thread 0x0000000017508800 nmethod 26826 0x00000000064bb550 code [0x00000000064bb6a0, 0x00000000064bb7b0]

GC Heap History (10 events):
Event: 3372.897 GC heap after
Heap after GC invocations=36 (full 5):
 PSYoungGen      total 508928K, used 81554K [0x00000000d5580000, 0x0000000100000000, 0x0000000100000000)
  eden space 318976K, 0% used [0x00000000d5580000,0x00000000d5580000,0x00000000e8d00000)
  from space 189952K, 42% used [0x00000000e8d00000,0x00000000edca4930,0x00000000f4680000)
  to   space 181760K, 0% used [0x00000000f4e80000,0x00000000f4e80000,0x0000000100000000)
 ParOldGen       total 395776K, used 258204K [0x0000000080000000, 0x0000000098280000, 0x00000000d5580000)
  object space 395776K, 65% used [0x0000000080000000,0x000000008fc273e8,0x0000000098280000)
 Metaspace       used 101510K, capacity 109204K, committed 109352K, reserved 1144832K
  class space    used 12981K, capacity 14290K, committed 14384K, reserved 1048576K
}
Event: 3375.285 GC heap before
{Heap before GC invocations=37 (full 5):
 PSYoungGen      total 508928K, used 400530K [0x00000000d5580000, 0x0000000100000000, 0x0000000100000000)
  eden space 318976K, 100% used [0x00000000d5580000,0x00000000e8d00000,0x00000000e8d00000)
  from space 189952K, 42% used [0x00000000e8d00000,0x00000000edca4930,0x00000000f4680000)
  to   space 181760K, 0% used [0x00000000f4e80000,0x00000000f4e80000,0x0000000100000000)
 ParOldGen       total 395776K, used 258204K [0x0000000080000000, 0x0000000098280000, 0x00000000d5580000)
  object space 395776K, 65% used [0x0000000080000000,0x000000008fc273e8,0x0000000098280000)
 Metaspace       used 101884K, capacity 109648K, committed 109864K, reserved 1144832K
  class space    used 13004K, capacity 14330K, committed 14384K, reserved 1048576K
Event: 3375.482 GC heap after
Heap after GC invocations=37 (full 5):
 PSYoungGen      total 507904K, used 113063K [0x00000000d5580000, 0x00000000fff00000, 0x0000000100000000)
  eden space 327168K, 0% used [0x00000000d5580000,0x00000000d5580000,0x00000000e9500000)
  from space 180736K, 62% used [0x00000000f4e80000,0x00000000fbce9ef0,0x00000000fff00000)
  to   space 185344K, 0% used [0x00000000e9500000,0x00000000e9500000,0x00000000f4a00000)
 ParOldGen       total 395776K, used 258212K [0x0000000080000000, 0x0000000098280000, 0x00000000d5580000)
  object space 395776K, 65% used [0x0000000080000000,0x000000008fc293e8,0x0000000098280000)
 Metaspace       used 101884K, capacity 109648K, committed 109864K, reserved 1144832K
  class space    used 13004K, capacity 14330K, committed 14384K, reserved 1048576K
}
Event: 3376.847 GC heap before
{Heap before GC invocations=38 (full 5):
 PSYoungGen      total 507904K, used 440231K [0x00000000d5580000, 0x00000000fff00000, 0x0000000100000000)
  eden space 327168K, 100% used [0x00000000d5580000,0x00000000e9500000,0x00000000e9500000)
  from space 180736K, 62% used [0x00000000f4e80000,0x00000000fbce9ef0,0x00000000fff00000)
  to   space 185344K, 0% used [0x00000000e9500000,0x00000000e9500000,0x00000000f4a00000)
 ParOldGen       total 395776K, used 258212K [0x0000000080000000, 0x0000000098280000, 0x00000000d5580000)
  object space 395776K, 65% used [0x0000000080000000,0x000000008fc293e8,0x0000000098280000)
 Metaspace       used 101885K, capacity 109648K, committed 109864K, reserved 1144832K
  class space    used 13004K, capacity 14330K, committed 14384K, reserved 1048576K
Event: 3377.119 GC heap after
Heap after GC invocations=38 (full 5):
 PSYoungGen      total 512512K, used 185320K [0x00000000d5580000, 0x0000000100000000, 0x0000000100000000)
  eden space 327168K, 0% used [0x00000000d5580000,0x00000000d5580000,0x00000000e9500000)
  from space 185344K, 99% used [0x00000000e9500000,0x00000000f49fa2f8,0x00000000f4a00000)
  to   space 186368K, 0% used [0x00000000f4a00000,0x00000000f4a00000,0x0000000100000000)
 ParOldGen       total 395776K, used 267813K [0x0000000080000000, 0x0000000098280000, 0x00000000d5580000)
  object space 395776K, 67% used [0x0000000080000000,0x0000000090589598,0x0000000098280000)
 Metaspace       used 101885K, capacity 109648K, committed 109864K, reserved 1144832K
  class space    used 13004K, capacity 14330K, committed 14384K, reserved 1048576K
}
Event: 3459.360 GC heap before
{Heap before GC invocations=39 (full 5):
 PSYoungGen      total 512512K, used 512488K [0x00000000d5580000, 0x0000000100000000, 0x0000000100000000)
  eden space 327168K, 100% used [0x00000000d5580000,0x00000000e9500000,0x00000000e9500000)
  from space 185344K, 99% used [0x00000000e9500000,0x00000000f49fa2f8,0x00000000f4a00000)
  to   space 186368K, 0% used [0x00000000f4a00000,0x00000000f4a00000,0x0000000100000000)
 ParOldGen       total 395776K, used 267813K [0x0000000080000000, 0x0000000098280000, 0x00000000d5580000)
  object space 395776K, 67% used [0x0000000080000000,0x0000000090589598,0x0000000098280000)
 Metaspace       used 102401K, capacity 110464K, committed 110760K, reserved 1144832K
  class space    used 13060K, capacity 14434K, committed 14512K, reserved 1048576K
Event: 3459.522 GC heap after
Heap after GC invocations=39 (full 5):
 PSYoungGen      total 462336K, used 113803K [0x00000000d5580000, 0x0000000100000000, 0x0000000100000000)
  eden space 275968K, 0% used [0x00000000d5580000,0x00000000d5580000,0x00000000e6300000)
  from space 186368K, 61% used [0x00000000f4a00000,0x00000000fb922e38,0x0000000100000000)
  to   space 211456K, 0% used [0x00000000e6300000,0x00000000e6300000,0x00000000f3180000)
 ParOldGen       total 395776K, used 267853K [0x0000000080000000, 0x0000000098280000, 0x00000000d5580000)
  object space 395776K, 67% used [0x0000000080000000,0x0000000090593598,0x0000000098280000)
 Metaspace       used 102401K, capacity 110464K, committed 110760K, reserved 1144832K
  class space    used 13060K, capacity 14434K, committed 14512K, reserved 1048576K
}
Event: 3460.944 GC heap before
{Heap before GC invocations=40 (full 5):
 PSYoungGen      total 462336K, used 389771K [0x00000000d5580000, 0x0000000100000000, 0x0000000100000000)
  eden space 275968K, 100% used [0x00000000d5580000,0x00000000e6300000,0x00000000e6300000)
  from space 186368K, 61% used [0x00000000f4a00000,0x00000000fb922e38,0x0000000100000000)
  to   space 211456K, 0% used [0x00000000e6300000,0x00000000e6300000,0x00000000f3180000)
 ParOldGen       total 395776K, used 267853K [0x0000000080000000, 0x0000000098280000, 0x00000000d5580000)
  object space 395776K, 67% used [0x0000000080000000,0x0000000090593598,0x0000000098280000)
 Metaspace       used 102402K, capacity 110464K, committed 110760K, reserved 1144832K
  class space    used 13060K, capacity 14434K, committed 14512K, reserved 1048576K
Event: 3461.229 GC heap after
Heap after GC invocations=40 (full 5):
 PSYoungGen      total 422400K, used 146383K [0x00000000d5580000, 0x0000000100000000, 0x0000000100000000)
  eden space 275968K, 0% used [0x00000000d5580000,0x00000000d5580000,0x00000000e6300000)
  from space 146432K, 99% used [0x00000000e6300000,0x00000000ef1f3d78,0x00000000ef200000)
  to   space 219648K, 0% used [0x00000000f2980000,0x00000000f2980000,0x0000000100000000)
 ParOldGen       total 395776K, used 317259K [0x0000000080000000, 0x0000000098280000, 0x00000000d5580000)
  object space 395776K, 80% used [0x0000000080000000,0x00000000935d2df8,0x0000000098280000)
 Metaspace       used 102402K, capacity 110464K, committed 110760K, reserved 1144832K
  class space    used 13060K, capacity 14434K, committed 14512K, reserved 1048576K
}
Event: 3537.950 GC heap before
{Heap before GC invocations=41 (full 5):
 PSYoungGen      total 422400K, used 422351K [0x00000000d5580000, 0x0000000100000000, 0x0000000100000000)
  eden space 275968K, 100% used [0x00000000d5580000,0x00000000e6300000,0x00000000e6300000)
  from space 146432K, 99% used [0x00000000e6300000,0x00000000ef1f3d78,0x00000000ef200000)
  to   space 219648K, 0% used [0x00000000f2980000,0x00000000f2980000,0x0000000100000000)
 ParOldGen       total 395776K, used 317259K [0x0000000080000000, 0x0000000098280000, 0x00000000d5580000)
  object space 395776K, 80% used [0x0000000080000000,0x00000000935d2df8,0x0000000098280000)
 Metaspace       used 102461K, capacity 110528K, committed 110760K, reserved 1144832K
  class space    used 13060K, capacity 14434K, committed 14512K, reserved 1048576K

Deoptimization events (10 events):
Event: 3374.062 Thread 0x0000000020023000 Uncommon trap: reason=array_check action=maybe_recompile pc=0x00000000050bc104 method=java.util.ComparableTimSort.mergeLo(IIII)V @ 371
Event: 3374.065 Thread 0x0000000020023000 Uncommon trap: reason=array_check action=maybe_recompile pc=0x00000000050bc104 method=java.util.ComparableTimSort.mergeLo(IIII)V @ 371
Event: 3374.085 Thread 0x0000000020023000 Uncommon trap: reason=array_check action=maybe_recompile pc=0x0000000006552470 method=java.util.ComparableTimSort.mergeLo(IIII)V @ 371
Event: 3374.735 Thread 0x000000001e750800 Uncommon trap: reason=unstable_if action=reinterpret pc=0x0000000002b97080 method=org.gradle.internal.service.DefaultServiceRegistry$ManagedObjectServiceProvider.getInstance()Ljava/lang/Object; @ 19
Event: 3374.928 Thread 0x000000001e750800 Uncommon trap: reason=class_check action=maybe_recompile pc=0x0000000006e8f1e0 method=com.android.tools.r8.u.a.i.e.b(Lcom/android/tools/r8/u/b/h0;)V @ 209
Event: 3374.928 Thread 0x000000001e750800 Uncommon trap: reason=class_check action=maybe_recompile pc=0x0000000006e8f1e0 method=com.android.tools.r8.u.a.i.e.b(Lcom/android/tools/r8/u/b/h0;)V @ 209
Event: 3374.928 Thread 0x000000001e750800 Uncommon trap: reason=class_check action=maybe_recompile pc=0x0000000006e8f1e0 method=com.android.tools.r8.u.a.i.e.b(Lcom/android/tools/r8/u/b/h0;)V @ 209
Event: 3374.928 Thread 0x000000001e750800 Uncommon trap: reason=bimorphic action=maybe_recompile pc=0x0000000006e8ea34 method=com.android.tools.r8.u.a.i.e.b(Lcom/android/tools/r8/u/b/h0;)V @ 43
Event: 3374.928 Thread 0x000000001e750800 Uncommon trap: reason=class_check action=maybe_recompile pc=0x0000000006e8f1e0 method=com.android.tools.r8.u.a.i.e.b(Lcom/android/tools/r8/u/b/h0;)V @ 209
Event: 3374.939 Thread 0x000000001e74b800 Uncommon trap: reason=array_check action=maybe_recompile pc=0x0000000006d77064 method=java.util.TimSort.mergeLo(IIII)V @ 212

Classes redefined (0 events):
No events

Internal exceptions (10 events):
Event: 3458.276 Thread 0x000000001e74f000 Exception <a 'sun/nio/fs/WindowsException'> (0x00000000e14e8348) thrown at [C:\src\AOSP-openjdk-git\hotspot\src\share\vm\prims\jni.cpp, line 710]
Event: 3458.276 Thread 0x000000001e74f000 Exception <a 'sun/nio/fs/WindowsException'> (0x00000000e14e9010) thrown at [C:\src\AOSP-openjdk-git\hotspot\src\share\vm\prims\jni.cpp, line 710]
Event: 3458.276 Thread 0x000000001e74f000 Exception <a 'sun/nio/fs/WindowsException'> (0x00000000e14e9d60) thrown at [C:\src\AOSP-openjdk-git\hotspot\src\share\vm\prims\jni.cpp, line 710]
Event: 3459.008 Thread 0x000000001e752000 Exception <a 'sun/nio/fs/WindowsException'> (0x00000000e72d0788) thrown at [C:\src\AOSP-openjdk-git\hotspot\src\share\vm\prims\jni.cpp, line 710]
Event: 3459.028 Thread 0x000000001e752000 Exception <a 'sun/nio/fs/WindowsException'> (0x00000000e73ed130) thrown at [C:\src\AOSP-openjdk-git\hotspot\src\share\vm\prims\jni.cpp, line 710]
Event: 3459.031 Thread 0x000000001e752000 Exception <a 'sun/nio/fs/WindowsException'> (0x00000000e73f9958) thrown at [C:\src\AOSP-openjdk-git\hotspot\src\share\vm\prims\jni.cpp, line 710]
Event: 3459.537 Thread 0x000000001e751800 Exception <a 'sun/nio/fs/WindowsException'> (0x00000000d56a4d10) thrown at [C:\src\AOSP-openjdk-git\hotspot\src\share\vm\prims\jni.cpp, line 710]
Event: 3461.819 Thread 0x0000000020021800 Exception <a 'sun/nio/fs/WindowsException'> (0x00000000dd5ce020) thrown at [C:\src\AOSP-openjdk-git\hotspot\src\share\vm\prims\jni.cpp, line 710]
Event: 3462.316 Thread 0x000000001e60a800 Exception <a 'sun/nio/fs/WindowsException'> (0x00000000df1865f0) thrown at [C:\src\AOSP-openjdk-git\hotspot\src\share\vm\prims\jni.cpp, line 710]
Event: 3537.177 Thread 0x0000000020020800 Exception <a 'sun/nio/fs/WindowsException'> (0x00000000e028a5e8) thrown at [C:\src\AOSP-openjdk-git\hotspot\src\share\vm\prims\jni.cpp, line 710]

Events (10 events):
Event: 3537.871 Executing VM operation: RevokeBias done
Event: 3537.872 Executing VM operation: RevokeBias
Event: 3537.872 Executing VM operation: RevokeBias done
Event: 3537.873 Executing VM operation: RevokeBias
Event: 3537.873 Executing VM operation: RevokeBias done
Event: 3537.876 Executing VM operation: RevokeBias
Event: 3537.876 Executing VM operation: RevokeBias done
Event: 3537.877 Executing VM operation: RevokeBias
Event: 3537.877 Executing VM operation: RevokeBias done
Event: 3537.949 Executing VM operation: ParallelGCFailedAllocation


Dynamic libraries:
0x00007ff757130000 - 0x00007ff757161000 	C:\Program Files\Android\Android Studio\jre\bin\java.exe
0x00007ffe977c0000 - 0x00007ffe979b0000 	C:\WINDOWS\SYSTEM32\ntdll.dll
0x00007ffe95cf0000 - 0x00007ffe95da2000 	C:\WINDOWS\System32\KERNEL32.DLL
0x00007ffe94a50000 - 0x00007ffe94cf5000 	C:\WINDOWS\System32\KERNELBASE.dll
0x00007ffe95b70000 - 0x00007ffe95c13000 	C:\WINDOWS\System32\ADVAPI32.dll
0x00007ffe97610000 - 0x00007ffe976ae000 	C:\WINDOWS\System32\msvcrt.dll
0x00007ffe97570000 - 0x00007ffe97607000 	C:\WINDOWS\System32\sechost.dll
0x00007ffe967e0000 - 0x00007ffe96900000 	C:\WINDOWS\System32\RPCRT4.dll
0x00007ffe973d0000 - 0x00007ffe97565000 	C:\WINDOWS\System32\USER32.dll
0x00007ffe94880000 - 0x00007ffe948a1000 	C:\WINDOWS\System32\win32u.dll
0x00007ffe95cb0000 - 0x00007ffe95cd6000 	C:\WINDOWS\System32\GDI32.dll
0x00007ffe956d0000 - 0x00007ffe95866000 	C:\WINDOWS\System32\gdi32full.dll
0x00007ffe949b0000 - 0x00007ffe94a4e000 	C:\WINDOWS\System32\msvcp_win.dll
0x00007ffe948b0000 - 0x00007ffe949aa000 	C:\WINDOWS\System32\ucrtbase.dll
0x00007ffe93b10000 - 0x00007ffe93d94000 	C:\WINDOWS\WinSxS\amd64_microsoft.windows.common-controls_6595b64144ccf1df_6.0.18362.1082_none_9e8193e1e45b25c1\COMCTL32.dll
0x00007ffe964a0000 - 0x00007ffe967d5000 	C:\WINDOWS\System32\combase.dll
0x00007ffe94750000 - 0x00007ffe947d0000 	C:\WINDOWS\System32\bcryptPrimitives.dll
0x00007ffe95c20000 - 0x00007ffe95c4e000 	C:\WINDOWS\System32\IMM32.DLL
0x0000000064fa0000 - 0x0000000065072000 	C:\Program Files\Android\Android Studio\jre\jre\bin\msvcr100.dll
0x0000000065160000 - 0x00000000659ab000 	C:\Program Files\Android\Android Studio\jre\jre\bin\server\jvm.dll
0x00007ffe973c0000 - 0x00007ffe973c8000 	C:\WINDOWS\System32\PSAPI.DLL
0x00007ffe92ac0000 - 0x00007ffe92ac9000 	C:\WINDOWS\SYSTEM32\WSOCK32.dll
0x00007ffe91610000 - 0x00007ffe91634000 	C:\WINDOWS\SYSTEM32\WINMM.dll
0x00007ffe96c70000 - 0x00007ffe96cdf000 	C:\WINDOWS\System32\WS2_32.dll
0x00007ffe80c40000 - 0x00007ffe80c4a000 	C:\WINDOWS\SYSTEM32\VERSION.dll
0x00007ffe91500000 - 0x00007ffe9152d000 	C:\WINDOWS\SYSTEM32\WINMMBASE.dll
0x00007ffe94d00000 - 0x00007ffe94d4a000 	C:\WINDOWS\System32\cfgmgr32.dll
0x00007ffe92a30000 - 0x00007ffe92a3f000 	C:\Program Files\Android\Android Studio\jre\jre\bin\verify.dll
0x00007ffe87cc0000 - 0x00007ffe87ce9000 	C:\Program Files\Android\Android Studio\jre\jre\bin\java.dll
0x00007ffe8f000000 - 0x00007ffe8f016000 	C:\Program Files\Android\Android Studio\jre\jre\bin\zip.dll
0x00007ffe95db0000 - 0x00007ffe96497000 	C:\WINDOWS\System32\SHELL32.dll
0x00007ffe976d0000 - 0x00007ffe97779000 	C:\WINDOWS\System32\shcore.dll
0x00007ffe94d50000 - 0x00007ffe954d0000 	C:\WINDOWS\System32\windows.storage.dll
0x00007ffe94690000 - 0x00007ffe946b3000 	C:\WINDOWS\System32\profapi.dll
0x00007ffe94700000 - 0x00007ffe9474a000 	C:\WINDOWS\System32\powrprof.dll
0x00007ffe94680000 - 0x00007ffe94690000 	C:\WINDOWS\System32\UMPDC.dll
0x00007ffe95a90000 - 0x00007ffe95ae2000 	C:\WINDOWS\System32\shlwapi.dll
0x00007ffe946e0000 - 0x00007ffe946f1000 	C:\WINDOWS\System32\kernel.appcore.dll
0x00007ffe94860000 - 0x00007ffe94877000 	C:\WINDOWS\System32\cryptsp.dll
0x00007ffe8efd0000 - 0x00007ffe8efea000 	C:\Program Files\Android\Android Studio\jre\jre\bin\net.dll
0x00007ffe937f0000 - 0x00007ffe93857000 	C:\WINDOWS\system32\mswsock.dll
0x00007ffe87ca0000 - 0x00007ffe87cb3000 	C:\Program Files\Android\Android Studio\jre\jre\bin\nio.dll
0x00007ffe79e00000 - 0x00007ffe79e26000 	C:\Users\licas\.gradle\native\31\windows-amd64\native-platform.dll
0x00007ffe92a20000 - 0x00007ffe92a2d000 	C:\Program Files\Android\Android Studio\jre\jre\bin\management.dll
0x00007ffe93360000 - 0x00007ffe93393000 	C:\WINDOWS\system32\rsaenh.dll
0x00007ffe94830000 - 0x00007ffe94856000 	C:\WINDOWS\System32\bcrypt.dll
0x00007ffe945a0000 - 0x00007ffe945c5000 	C:\WINDOWS\SYSTEM32\USERENV.dll
0x00007ffe939c0000 - 0x00007ffe939cc000 	C:\WINDOWS\SYSTEM32\CRYPTBASE.dll
0x00007ffe93500000 - 0x00007ffe9353a000 	C:\WINDOWS\SYSTEM32\IPHLPAPI.DLL
0x00007ffe95ce0000 - 0x00007ffe95ce8000 	C:\WINDOWS\System32\NSI.dll
0x00007ffe895e0000 - 0x00007ffe895f6000 	C:\WINDOWS\SYSTEM32\dhcpcsvc6.DLL
0x00007ffe89590000 - 0x00007ffe895ac000 	C:\WINDOWS\SYSTEM32\dhcpcsvc.DLL
0x00007ffe93540000 - 0x00007ffe9360b000 	C:\WINDOWS\SYSTEM32\DNSAPI.dll
0x00007ffe65040000 - 0x00007ffe651dc000 	C:\Program Files\Android\Android Studio\jre\jre\bin\awt.dll
0x00007ffe96e80000 - 0x00007ffe96f45000 	C:\WINDOWS\System32\OLEAUT32.dll
0x00007ffe92100000 - 0x00007ffe9212d000 	C:\WINDOWS\SYSTEM32\dwmapi.dll
0x00007ffe90650000 - 0x00007ffe90c10000 	C:\WINDOWS\SYSTEM32\d2d1.dll
0x00007ffe91be0000 - 0x00007ffe91c6f000 	C:\WINDOWS\SYSTEM32\apphelp.dll
0x00007ffe91cd0000 - 0x00007ffe91d69000 	C:\WINDOWS\system32\uxtheme.dll
0x00007ffe94130000 - 0x00007ffe94324000 	C:\WINDOWS\SYSTEM32\dbghelp.dll

VM Arguments:
jvm_args: -Xmx2048m -Dfile.encoding=windows-1252 -Duser.country=BR -Duser.language=pt -Duser.variant 
java_command: org.gradle.launcher.daemon.bootstrap.GradleDaemon 6.1.1
java_class_path (initial): C:\Users\licas\.gradle\wrapper\dists\gradle-6.1.1-all\cfmwm155h49vnt3hynmlrsdst\gradle-6.1.1\lib\gradle-launcher-6.1.1.jar
Launcher Type: SUN_STANDARD

Environment Variables:
JAVA_HOME=C:\Program Files\Java\jdk-11.0.6
PATH=C:\Program Files (x86)\Common Files\Oracle\Java\javapath;C:\WINDOWS\system32;C:\WINDOWS;C:\WINDOWS\System32\Wbem;C:\WINDOWS\System32\WindowsPowerShell\v1.0\;C:\WINDOWS\System32\OpenSSH\;C:\Program Files\Java\jdk-11.0.6\bin;D:\Programas\Git\cmd;C:\Program Files\MySQL\MySQL Shell 8.0\bin\;C:\Users\licas\AppData\Local\Microsoft\WindowsApps;
USERNAME=Agnaldo
OS=Windows_NT
PROCESSOR_IDENTIFIER=Intel64 Family 6 Model 142 Stepping 10, GenuineIntel



---------------  S Y S T E M  ---------------

OS: Windows 10.0 , 64 bit Build 18362 (10.0.18362.1082)

CPU:total 4 (initial active 4) (2 cores per cpu, 2 threads per core) family 6 model 142 stepping 10, cmov, cx8, fxsr, mmx, sse, sse2, sse3, ssse3, sse4.1, sse4.2, popcnt, avx, avx2, aes, clmul, erms, 3dnowpref, lzcnt, ht, tsc, tscinvbit, bmi1, bmi2, adx

Memory: 4k page, physical 12489956k(2501640k free), swap 15777640k(2889204k free)

vm_info: OpenJDK 64-Bit Server VM (25.242-b01) for windows-amd64 JRE (1.8.0_242-release-1644-b01), built by "builder" with MS VC++ 10.0 (VS2010)

time: Wed Oct 07 21:23:16 2020
timezone: Hora Padrão Brasil Central
elapsed time: 3538 seconds (0d 0h 58m 58s)

