JvmtiExport can_access_local_variables 0
JvmtiExport can_hotswap_or_post_breakpoint 0
JvmtiExport can_post_on_exceptions 0
# 449 ciObject found
ciMethod java/lang/Object <init> ()V 4097 1 14125420 0 0
ciMethod java/lang/Object getClass ()Ljava/lang/Class; 2049 1 256 0 -1
ciMethod java/lang/Object equals (Ljava/lang/Object;)Z 2217 1 125596 0 -1
ciMethod java/lang/Comparable compareTo (Ljava/lang/Object;)I 0 0 1 0 -1
ciMethod java/lang/String length ()I 3073 1 1388538 0 0
ciMethod java/lang/String charAt (I)C 4097 1 4249898 0 128
ciMethod java/lang/String compareTo (Ljava/lang/String;)I 1049 17121 4259 0 -1
ciMethod java/lang/String compareTo (Ljava/lang/Object;)I 2465 1 19336 1 384
ciMethod java/lang/Class isAssignableFrom (Ljava/lang/Class;)Z 2057 1 257 0 -1
ciMethod java/lang/Class cast (Ljava/lang/Object;)Ljava/lang/Object; 1289 1 125145 0 -1
ciMethod java/lang/Class asSubclass (Ljava/lang/Class;)Ljava/lang/Class; 2049 1 5194 0 0
ciMethod java/lang/ref/Reference get ()Ljava/lang/Object; 1041 1 130 0 -1
ciMethod java/lang/Runnable run ()V 0 0 1 0 -1
ciMethod java/lang/Thread currentThread ()Ljava/lang/Thread; 2049 1 256 0 -1
ciMethod java/util/Map put (Ljava/lang/Object;Ljava/lang/Object;)Ljava/lang/Object; 0 0 1 0 -1
ciMethod java/util/Comparator compare (Ljava/lang/Object;Ljava/lang/Object;)I 0 0 1 0 -1
ciMethod java/util/Collection iterator ()Ljava/util/Iterator; 0 0 1 0 -1
ciMethod java/util/List add (Ljava/lang/Object;)Z 0 0 1 0 -1
ciMethod java/util/AbstractCollection size ()I 0 0 1 0 -1
ciMethod java/util/AbstractCollection isEmpty ()Z 3073 1 166638 0 64
ciMethod java/util/Iterator hasNext ()Z 0 0 1 0 -1
ciMethod java/util/Iterator next ()Ljava/lang/Object; 0 0 1 0 -1
ciMethod java/lang/ThreadLocal set (Ljava/lang/Object;)V 41 1 93750 0 1056
ciMethod java/lang/ThreadLocal getMap (Ljava/lang/Thread;)Ljava/lang/ThreadLocal$ThreadLocalMap; 2081 1 43654 0 0
ciMethod java/lang/ThreadLocal createMap (Ljava/lang/Thread;Ljava/lang/Object;)V 9 1 640 0 0
ciMethod java/lang/ThreadLocal access$400 (Ljava/lang/ThreadLocal;)I 1025 1 128 0 -1
ciMethodData java/lang/Object <init> ()V 2 14125443 orig 264 88 29 254 118 0 0 0 0 128 4 62 23 0 0 0 0 32 1 0 0 0 0 0 0 0 0 0 0 0 0 0 0 0 0 0 0 0 0 0 0 0 0 0 0 0 0 0 0 0 0 0 0 0 0 0 0 0 0 0 0 0 0 0 0 0 0 0 0 0 0 0 0 0 0 0 0 0 0 0 0 77 68 79 32 101 120 116 114 97 32 100 97 116 97 32 108 111 99 107 0 0 0 0 0 0 0 0 0 0 0 0 0 0 0 0 0 0 0 0 0 0 0 0 0 0 0 0 0 0 0 0 0 0 0 0 0 0 0 0 0 0 0 0 0 0 0 0 0 0 0 0 0 0 0 0 0 0 0 0 0 0 0 0 0 0 0 0 0 0 0 0 0 0 0 0 0 0 0 0 0 0 0 0 0 1 0 0 0 0 0 0 0 1 0 0 0 0 0 0 0 1 0 0 0 0 0 0 0 0 0 0 0 0 0 0 0 0 2 0 0 25 60 188 6 1 0 0 0 0 0 0 0 0 0 0 0 2 0 0 0 0 0 3 0 1 0 0 0 0 0 0 0 255 255 255 255 0 0 0 0 0 0 0 0 data 0 oops 0
ciMethodData java/lang/String charAt (I)C 2 4249900 orig 264 88 29 254 118 0 0 0 0 176 61 62 23 0 0 0 0 120 1 0 0 32 0 0 0 0 0 0 0 0 0 0 0 0 0 0 0 0 0 0 0 0 0 0 0 0 0 0 0 0 0 0 0 0 0 0 0 0 0 0 0 0 0 0 0 0 0 0 0 0 0 0 0 0 0 0 0 0 0 0 0 77 68 79 32 101 120 116 114 97 32 100 97 116 97 32 108 111 99 107 0 0 0 0 0 0 0 0 0 0 0 0 0 0 0 0 0 0 0 0 0 0 0 0 0 0 0 0 0 0 0 0 0 0 0 0 0 0 0 0 0 0 0 0 0 0 0 0 0 0 0 0 0 0 0 0 0 0 0 0 0 0 0 0 1 0 0 0 0 0 0 0 0 0 0 0 0 0 0 0 0 0 0 0 0 25 0 0 0 0 0 0 0 0 0 0 0 0 0 0 0 1 0 0 0 0 0 0 0 0 0 0 0 0 0 0 0 0 2 0 0 97 185 6 2 1 0 0 0 0 0 0 0 0 0 0 0 2 0 0 0 0 0 8 0 2 0 0 0 80 0 0 0 255 255 255 255 7 0 1 0 0 0 0 0 data 10 0x10007 0x0 0x40 0x40d771 0xa0007 0x40d872 0x30 0x0 0x120002 0x0 oops 0
ciMethodData java/lang/String length ()I 2 1388538 orig 264 88 29 254 118 0 0 0 0 96 60 62 23 0 0 0 0 32 1 0 0 0 0 0 0 0 0 0 0 0 0 0 0 0 0 0 0 0 0 0 0 0 0 0 0 0 0 0 0 0 0 0 0 0 0 0 0 0 0 0 0 0 0 0 0 0 0 0 0 0 0 0 0 0 0 0 0 0 0 0 0 77 68 79 32 101 120 116 114 97 32 100 97 116 97 32 108 111 99 107 0 0 0 0 0 0 0 0 0 0 0 0 0 0 0 0 0 0 0 0 0 0 0 0 0 0 0 0 0 0 0 0 0 0 0 0 0 0 0 0 0 0 0 0 0 0 0 0 0 0 0 0 0 0 0 0 0 0 0 0 0 0 0 0 0 0 0 0 0 0 0 0 0 0 0 0 0 0 0 0 0 0 0 0 0 1 0 0 0 0 0 0 0 0 0 0 0 0 0 0 0 1 0 0 0 0 0 0 0 0 0 0 0 0 0 0 0 128 1 0 0 209 115 169 0 1 0 0 0 0 0 0 0 0 0 0 0 2 0 0 0 0 0 3 0 1 0 0 0 0 0 0 0 255 255 255 255 0 0 0 0 0 0 0 0 data 0 oops 0
ciMethod java/lang/ThreadLocal$ThreadLocalMap setThreshold (I)V 2049 1 861 0 -1
ciMethod java/lang/ThreadLocal$ThreadLocalMap nextIndex (II)I 3081 1 34796 0 -1
ciMethod java/lang/ThreadLocal$ThreadLocalMap <init> (Ljava/lang/ThreadLocal;Ljava/lang/Object;)V 9 1 641 0 0
ciMethod java/lang/ThreadLocal$ThreadLocalMap set (Ljava/lang/ThreadLocal;Ljava/lang/Object;)V 49 1 7186 0 928
ciMethod java/lang/ThreadLocal$ThreadLocalMap replaceStaleEntry (Ljava/lang/ThreadLocal;Ljava/lang/Object;I)V 1 1 1 0 -1
ciMethod java/lang/ThreadLocal$ThreadLocalMap cleanSomeSlots (II)Z 729 2033 4046 0 -1
ciMethod java/lang/ThreadLocal$ThreadLocalMap rehash ()V 17 1 199 0 -1
ciMethod java/lang/ThreadLocal$ThreadLocalMap access$100 (Ljava/lang/ThreadLocal$ThreadLocalMap;Ljava/lang/ThreadLocal;Ljava/lang/Object;)V 49 1 93852 0 0
ciMethod java/lang/ThreadLocal$ThreadLocalMap$Entry <init> (Ljava/lang/ThreadLocal;Ljava/lang/Object;)V 865 1 5553 0 -1
ciMethod java/util/LinkedList linkLast (Ljava/lang/Object;)V 2257 1 9605 0 256
ciMethod java/util/LinkedList add (Ljava/lang/Object;)Z 2257 1 46841 0 256
ciMethod java/util/LinkedList$Node <init> (Ljava/util/LinkedList$Node;Ljava/lang/Object;Ljava/util/LinkedList$Node;)V 3073 1 44937 0 -1
ciMethodData java/util/LinkedList add (Ljava/lang/Object;)Z 2 46841 orig 264 88 29 254 118 0 0 0 0 200 95 119 23 0 0 0 0 128 1 0 0 0 0 0 0 0 0 0 0 0 0 0 0 0 0 0 0 0 0 0 0 0 0 0 0 0 0 0 0 0 0 0 0 0 0 0 0 0 0 0 0 0 0 0 0 0 0 0 0 0 0 0 0 0 0 0 0 0 0 0 0 77 68 79 32 101 120 116 114 97 32 100 97 116 97 32 108 111 99 107 0 0 0 0 0 0 0 0 0 0 0 0 0 0 0 0 0 0 0 0 0 0 0 0 0 0 0 0 0 0 0 0 0 0 0 0 0 0 0 0 0 0 0 0 0 0 0 0 0 0 0 0 0 0 0 0 0 0 0 0 0 0 0 0 0 0 0 0 0 0 0 0 0 0 0 0 0 0 0 0 0 0 0 0 0 0 0 0 0 0 0 0 0 0 0 0 0 0 0 0 0 0 0 0 0 0 0 0 0 0 0 0 0 0 0 0 0 26 1 0 0 249 174 5 0 1 0 0 0 0 0 0 0 0 0 0 0 2 0 0 0 0 0 3 0 2 0 0 0 48 0 0 0 255 255 255 255 5 0 2 0 0 0 0 0 data 6 0x20005 0x0 0x20de96b0 0xb5df 0x0 0x0 oops 1 2 java/util/LinkedList
ciMethod java/util/NavigableMap get (Ljava/lang/Object;)Ljava/lang/Object; 0 0 1 0 -1
ciMethod java/util/TreeMap get (Ljava/lang/Object;)Ljava/lang/Object; 4097 1 10390 0 864
ciMethod java/util/TreeMap getEntry (Ljava/lang/Object;)Ljava/util/TreeMap$Entry; 4097 13737 5728 0 832
ciMethod java/util/TreeMap getEntryUsingComparator (Ljava/lang/Object;)Ljava/util/TreeMap$Entry; 33 193 759 0 0
ciMethod org/gradle/api/Action execute (Ljava/lang/Object;)V 0 0 1 0 -1
ciMethod org/gradle/internal/UncheckedException throwAsUncheckedException (Ljava/lang/Throwable;)Ljava/lang/RuntimeException; 9 1 1 1 0
ciMethod org/gradle/internal/UncheckedException throwAsUncheckedException (Ljava/lang/Throwable;Z)Ljava/lang/RuntimeException; 17 1 2 2 -1
ciMethod com/google/common/collect/ImmutableList iterator ()Lcom/google/common/collect/UnmodifiableIterator; 3761 1 95478 0 384
ciMethod com/google/common/collect/ImmutableList listIterator ()Lcom/google/common/collect/UnmodifiableListIterator; 3769 1 95488 0 0
ciMethod com/google/common/collect/ImmutableList listIterator (I)Lcom/google/common/collect/UnmodifiableListIterator; 3769 1 5605 0 480
ciMethod com/google/common/collect/ImmutableList get (I)Ljava/lang/Object; 0 0 1 0 -1
ciMethod org/gradle/internal/reflect/Instantiator newInstance (Ljava/lang/Class;[Ljava/lang/Object;)Ljava/lang/Object; 0 0 1 0 -1
ciMethodData java/lang/ThreadLocal getMap (Ljava/lang/Thread;)Ljava/lang/ThreadLocal$ThreadLocalMap; 2 43656 orig 264 88 29 254 118 0 0 0 0 40 219 81 23 0 0 0 0 40 1 0 0 0 0 0 0 0 0 0 0 0 0 0 0 0 0 0 0 0 0 0 0 0 0 0 0 0 0 0 0 0 0 0 0 0 0 0 0 0 0 0 0 0 0 0 0 0 0 0 0 0 0 0 0 0 0 0 0 0 0 0 0 77 68 79 32 101 120 116 114 97 32 100 97 116 97 32 108 111 99 107 0 0 0 0 0 0 0 0 0 0 0 0 0 0 0 0 0 0 0 0 0 0 0 0 0 0 0 0 0 0 0 0 0 0 0 0 0 0 0 0 0 0 0 0 0 0 0 0 0 0 0 0 0 0 0 0 0 0 0 0 0 0 0 0 0 0 0 0 0 0 0 0 0 0 0 0 0 0 0 0 0 0 0 0 0 1 0 0 0 0 0 0 0 1 0 0 0 0 0 0 0 3 0 0 0 0 0 0 0 0 0 0 0 0 0 0 0 3 1 0 0 33 76 5 0 1 0 0 0 0 0 0 0 0 0 0 0 2 0 0 0 0 0 3 0 1 0 0 0 0 0 0 0 255 255 255 255 0 0 0 0 0 0 0 0 data 0 oops 0
ciMethodData java/lang/ThreadLocal set (Ljava/lang/Object;)V 2 93760 orig 264 88 29 254 118 0 0 0 0 232 217 81 23 0 0 0 0 8 2 0 0 96 0 0 0 0 0 0 0 0 0 0 0 0 0 0 0 0 0 0 0 0 0 0 0 0 0 0 0 0 0 0 0 0 0 0 0 0 0 0 0 0 0 0 0 0 0 0 0 0 0 0 0 0 0 0 0 0 0 0 0 77 68 79 32 101 120 116 114 97 32 100 97 116 97 32 108 111 99 107 0 0 0 0 0 0 0 0 0 0 0 0 0 0 0 0 0 0 0 0 0 0 0 0 0 0 0 0 0 0 0 0 0 0 0 0 0 0 0 0 0 0 0 0 0 0 0 0 0 0 0 0 0 0 0 0 0 0 0 0 0 0 0 0 0 0 0 0 0 0 0 0 0 0 0 0 0 0 0 0 0 0 0 0 0 17 0 0 0 0 0 0 0 0 0 0 0 0 0 0 0 0 0 0 0 0 0 0 0 0 0 0 0 0 0 0 0 5 0 0 0 217 113 11 0 1 0 0 0 0 0 0 0 0 0 0 0 2 0 0 0 0 0 6 0 2 0 0 0 184 0 0 0 255 255 255 255 2 0 0 0 0 0 0 0 data 23 0x2 0x16e3b 0x60005 0x484d 0x20dc01f0 0x17f 0x20dbc260 0x12474 0xb0007 0x16f 0x48 0x16cd4 0x110002 0x16cd3 0x140003 0x16cd7 0x48 0x1a0005 0x0 0x20dc01f0 0x16f 0x0 0x0 oops 3 4 org/gradle/internal/concurrent/GradleThread$1 6 java/lang/ThreadLocal 19 org/gradle/internal/concurrent/GradleThread$1
ciMethodData java/lang/ThreadLocal$ThreadLocalMap access$100 (Ljava/lang/ThreadLocal$ThreadLocalMap;Ljava/lang/ThreadLocal;Ljava/lang/Object;)V 2 93854 orig 264 88 29 254 118 0 0 0 0 80 214 92 23 0 0 0 0 64 1 0 0 0 0 0 0 0 0 0 0 0 0 0 0 0 0 0 0 0 0 0 0 0 0 0 0 0 0 0 0 0 0 0 0 0 0 0 0 0 0 0 0 0 0 0 0 0 0 0 0 0 0 0 0 0 0 0 0 0 0 0 0 77 68 79 32 101 120 116 114 97 32 100 97 116 97 32 108 111 99 107 0 0 0 0 0 0 0 0 0 0 0 0 0 0 0 0 0 0 0 0 0 0 0 0 0 0 0 0 0 0 0 0 0 0 0 0 0 0 0 0 0 0 0 0 0 0 0 0 0 0 0 0 0 0 0 0 0 0 0 0 0 0 0 0 0 0 0 0 0 0 0 0 0 0 0 0 0 0 0 0 0 0 0 0 0 17 0 0 0 0 0 0 0 0 0 0 0 0 0 0 0 0 0 0 0 0 0 0 0 0 0 0 0 0 0 0 0 6 0 0 0 193 116 11 0 1 0 0 0 0 0 0 0 0 0 0 0 2 0 0 0 0 0 3 0 2 0 0 0 16 0 0 0 255 255 255 255 2 0 3 0 0 0 0 0 data 2 0x30002 0x16e9e oops 0
ciMethodData java/lang/ThreadLocal createMap (Ljava/lang/Thread;Ljava/lang/Object;)V 1 640 orig 264 88 29 254 118 0 0 0 0 200 219 81 23 0 0 0 0 64 1 0 0 0 0 0 0 0 0 0 0 0 0 0 0 0 0 0 0 0 0 0 0 0 0 0 0 0 0 0 0 0 0 0 0 0 0 0 0 0 0 0 0 0 0 0 0 0 0 0 0 0 0 0 0 0 0 0 0 0 0 0 0 77 68 79 32 101 120 116 114 97 32 100 97 116 97 32 108 111 99 107 0 0 0 0 0 0 0 0 0 0 0 0 0 0 0 0 0 0 0 0 0 0 0 0 0 0 0 0 0 0 0 0 0 0 0 0 0 0 0 0 0 0 0 0 0 0 0 0 0 0 0 0 0 0 0 0 0 0 0 0 0 0 0 0 0 0 0 0 0 0 0 0 0 0 0 0 0 0 0 0 0 0 0 0 0 25 0 0 0 0 0 0 0 0 0 0 0 0 0 0 0 2 0 0 0 0 0 0 0 0 0 0 0 0 0 0 0 1 0 0 0 249 19 0 0 1 0 0 0 0 0 0 0 0 0 0 0 2 0 0 0 0 0 3 0 2 0 0 0 16 0 0 0 255 255 255 255 2 0 7 0 0 0 0 0 data 2 0x70002 0x280 oops 0
ciMethod com/google/common/base/Preconditions checkPositionIndex (II)I 1865 1 22537 0 96
ciMethod com/google/common/base/Preconditions checkPositionIndex (IILjava/lang/String;)I 1881 1 19095 0 96
ciMethod com/google/common/collect/UnmodifiableListIterator <init> ()V 185 1 16003 0 -1
ciMethod com/google/common/collect/ImmutableList$Itr <init> (Lcom/google/common/collect/ImmutableList;I)V 185 1 7547 0 224
ciMethod com/google/common/collect/ImmutableList$Itr get (I)Ljava/lang/Object; 3073 1 6566 0 64
ciMethod com/google/common/collect/AbstractIndexedListIterator get (I)Ljava/lang/Object; 0 0 1 0 -1
ciMethod com/google/common/collect/AbstractIndexedListIterator <init> (II)V 185 1 13042 0 128
ciMethod com/google/common/collect/AbstractIndexedListIterator hasNext ()Z 2977 1 143185 0 64
ciMethod com/google/common/collect/AbstractIndexedListIterator next ()Ljava/lang/Object; 16913 1 60895 0 192
ciMethod com/google/common/collect/RegularImmutableList size ()I 1049 1 131 0 0
ciMethod org/gradle/util/GUtil uncheckedCall (Ljava/util/concurrent/Callable;)Ljava/lang/Object; 1657 1 9357 0 0
ciMethod org/gradle/api/Transformer transform (Ljava/lang/Object;)Ljava/lang/Object; 0 0 1 0 -1
ciMethod org/gradle/api/internal/project/taskfactory/TaskClassInfoStore getTaskClassInfo (Ljava/lang/Class;)Lorg/gradle/api/internal/project/taskfactory/TaskClassInfo; 0 0 1 0 -1
ciMethod org/gradle/api/internal/tasks/properties/PropertyWalker visitProperties (Ljava/lang/Object;Lorg/gradle/internal/reflect/TypeValidationContext;Lorg/gradle/api/internal/tasks/properties/PropertyVisitor;)V 0 0 1 0 -1
ciMethod org/gradle/api/internal/IConventionAware getConventionMapping ()Lorg/gradle/api/internal/ConventionMapping; 0 0 1 0 -1
ciMethodData java/util/AbstractCollection isEmpty ()Z 2 166638 orig 264 88 29 254 118 0 0 0 0 112 146 74 23 0 0 0 0 176 1 0 0 0 0 0 0 0 0 0 0 0 0 0 0 0 0 0 0 0 0 0 0 0 0 0 0 0 0 0 0 0 0 0 0 0 0 0 0 0 0 0 0 0 0 0 0 0 0 0 0 0 0 0 0 0 0 0 0 0 0 0 0 77 68 79 32 101 120 116 114 97 32 100 97 116 97 32 108 111 99 107 0 0 0 0 0 0 0 0 0 0 0 0 0 0 0 0 0 0 0 0 0 0 0 0 0 0 0 0 0 0 0 0 0 0 0 0 0 0 0 0 0 0 0 0 0 0 0 0 0 0 0 0 0 0 0 0 0 0 0 0 0 0 0 0 0 0 0 0 0 0 0 0 0 0 0 0 0 0 0 0 0 0 0 0 0 17 0 0 0 0 0 0 0 0 0 0 0 0 0 0 0 0 0 0 0 0 0 0 0 0 0 0 0 0 0 0 0 128 1 0 0 113 75 20 0 1 0 0 0 0 0 0 0 0 0 0 0 2 0 0 0 0 0 6 0 2 0 0 0 104 0 0 0 255 255 255 255 5 0 1 0 0 0 0 0 data 13 0x10005 0x16b2c 0x197f95a0 0x327 0x197f9650 0xc 0x40007 0x18b9c 0x38 0xfdeb 0x80003 0xfde7 0x18 oops 2 2 org/gradle/internal/classpath/DefaultClassPath$ImmutableUniqueList 4 java/util/Arrays$ArrayList
ciMethod java/util/concurrent/Callable call ()Ljava/lang/Object; 0 0 1 0 -1
ciMethodData com/google/common/collect/AbstractIndexedListIterator hasNext ()Z 2 143185 orig 264 88 29 254 118 0 0 0 0 144 141 162 23 0 0 0 0 88 1 0 0 0 0 0 0 0 0 0 0 0 0 0 0 0 0 0 0 0 0 0 0 0 0 0 0 0 0 0 0 0 0 0 0 0 0 0 0 0 0 0 0 0 0 0 0 0 0 0 0 0 0 0 0 0 0 0 0 0 0 0 0 77 68 79 32 101 120 116 114 97 32 100 97 116 97 32 108 111 99 107 0 0 0 0 0 0 0 0 0 0 0 0 0 0 0 0 0 0 0 0 0 0 0 0 0 0 0 0 0 0 0 0 0 0 0 0 0 0 0 0 0 0 0 0 0 0 0 0 0 0 0 0 0 0 0 0 0 0 0 0 0 0 0 0 0 0 0 0 0 0 0 0 0 0 0 0 0 0 0 0 0 0 0 0 0 1 0 0 0 0 0 0 0 0 0 0 0 0 0 0 0 1 0 0 0 0 0 0 0 0 0 0 0 0 0 0 0 116 1 0 0 233 110 17 0 1 0 0 0 0 0 0 0 0 0 0 0 2 0 0 0 0 0 6 0 2 0 0 0 56 0 0 0 255 255 255 255 7 0 8 0 0 0 0 0 data 7 0x80007 0x87b1 0x38 0x1a630 0xc0003 0x1a635 0x18 oops 0
ciMethod org/gradle/api/Task getOutputs ()Lorg/gradle/api/tasks/TaskOutputs; 0 0 1 0 -1
ciMethod org/gradle/cache/internal/CrossBuildInMemoryCache get (Ljava/lang/Object;Lorg/gradle/api/Transformer;)Ljava/lang/Object; 0 0 1 0 -1
ciMethod org/gradle/internal/instantiation/InstantiationScheme instantiator ()Lorg/gradle/internal/instantiation/InstanceGenerator; 0 0 1 0 -1
ciMethod org/gradle/internal/instantiation/InstantiationScheme deserializationInstantiator ()Lorg/gradle/internal/instantiation/DeserializationInstantiator; 0 0 1 0 -1
ciMethod org/gradle/api/internal/ConventionMapping getConventionValue (Ljava/lang/Object;Ljava/lang/String;Z)Ljava/lang/Object; 0 0 1 0 -1
ciMethod org/gradle/cache/internal/DefaultCrossBuildInMemoryCacheFactory$AbstractCrossBuildInMemoryCache retainValue (Ljava/lang/Object;Ljava/lang/Object;)V 0 0 1 0 -1
ciMethod org/gradle/cache/internal/DefaultCrossBuildInMemoryCacheFactory$AbstractCrossBuildInMemoryCache get (Ljava/lang/Object;Lorg/gradle/api/Transformer;)Ljava/lang/Object; 1553 1 13569 0 3136
ciMethod org/gradle/cache/internal/DefaultCrossBuildInMemoryCacheFactory$AbstractCrossBuildInMemoryCache getIfPresent (Ljava/lang/Object;)Ljava/lang/Object; 2049 1 17755 0 -1
ciMethod org/gradle/internal/instantiation/DeserializationInstantiator newInstance (Ljava/lang/Class;Ljava/lang/Class;)Ljava/lang/Object; 0 0 1 0 -1
ciMethod org/apache/commons/lang/ArrayUtils isEmpty ([C)Z 857 1 437 0 0
ciMethod org/gradle/api/internal/project/taskfactory/ITaskFactory create (Lorg/gradle/api/internal/project/taskfactory/TaskIdentity;[Ljava/lang/Object;)Lorg/gradle/api/Task; 0 0 1 0 -1
ciMethod org/gradle/api/internal/DefaultNamedDomainObjectCollection doAdd (Ljava/lang/Object;Lorg/gradle/api/Action;)Z 2049 1 5469 0 1216
ciMethod org/gradle/api/internal/DefaultNamedDomainObjectCollection realized (Lorg/gradle/api/internal/provider/ProviderInternal;)V 2049 1 5375 0 -1
ciMethod org/gradle/api/internal/DefaultNamedDomainObjectCollection handleAttemptToAddItemWithNonUniqueName (Ljava/lang/Object;)V 9 1 14 0 -1
ciMethod org/gradle/api/internal/DefaultDomainObjectCollection getEventRegister ()Lorg/gradle/api/internal/collections/CollectionEventRegister; 1025 1 128 0 0
ciMethod org/gradle/api/internal/DefaultDomainObjectCollection add (Ljava/lang/Object;Lorg/gradle/api/Action;)Z 2049 1 5375 0 0
ciMethod org/gradle/api/internal/DefaultDomainObjectCollection doAdd (Ljava/lang/Object;Lorg/gradle/api/Action;)Z 3081 1 7679 0 -1
ciMethod org/gradle/api/internal/DefaultDomainObjectCollection assertMutableCollectionContents ()V 2065 1 4493 0 0
ciMethod org/gradle/api/internal/collections/CollectionEventRegister getAddActions ()Lorg/gradle/internal/ImmutableActionSet; 0 0 1 0 -1
ciMethod org/gradle/api/internal/DefaultNamedDomainObjectCollection$Index get (Ljava/lang/String;)Ljava/lang/Object; 0 0 1 0 -1
ciMethodData com/google/common/collect/ImmutableList iterator ()Lcom/google/common/collect/UnmodifiableIterator; 2 95495 orig 264 88 29 254 118 0 0 0 0 168 135 152 23 0 0 0 0 120 1 0 0 0 0 0 0 0 0 0 0 0 0 0 0 0 0 0 0 0 0 0 0 0 0 0 0 0 0 0 0 0 0 0 0 0 0 0 0 0 0 0 0 0 0 0 0 0 0 0 0 0 0 0 0 0 0 0 0 0 0 0 0 77 68 79 32 101 120 116 114 97 32 100 97 116 97 32 108 111 99 107 0 0 0 0 0 0 0 0 0 0 0 0 0 0 0 0 0 0 0 0 0 0 0 0 0 0 0 0 0 0 0 0 0 0 0 0 0 0 0 0 0 0 0 0 0 0 0 0 0 0 0 0 0 0 0 0 0 0 0 0 0 0 0 0 0 0 0 0 0 0 0 0 0 0 0 0 0 0 0 0 0 0 0 0 0 17 0 0 0 0 0 0 0 0 0 0 0 0 0 0 0 0 0 0 0 0 0 0 0 0 0 0 0 0 0 0 0 214 1 0 0 137 153 11 0 1 0 0 0 0 0 0 0 0 0 0 0 2 0 0 0 0 0 11 0 2 0 0 0 48 0 0 0 255 255 255 255 5 0 1 0 0 0 0 0 data 6 0x10005 0x4b88 0x1fc058a0 0xfa22 0x1bda3840 0x2d87 oops 2 2 com/google/common/collect/RegularImmutableList 4 com/google/common/collect/RegularImmutableMap$EntrySet$1
ciMethodData com/google/common/collect/ImmutableList listIterator ()Lcom/google/common/collect/UnmodifiableListIterator; 2 95488 orig 264 88 29 254 118 0 0 0 0 80 136 152 23 0 0 0 0 120 1 0 0 0 0 0 0 0 0 0 0 0 0 0 0 0 0 0 0 0 0 0 0 0 0 0 0 0 0 0 0 0 0 0 0 0 0 0 0 0 0 0 0 0 0 0 0 0 0 0 0 0 0 0 0 0 0 0 0 0 0 0 0 77 68 79 32 101 120 116 114 97 32 100 97 116 97 32 108 111 99 107 0 0 0 0 0 0 0 0 0 0 0 0 0 0 0 0 0 0 0 0 0 0 0 0 0 0 0 0 0 0 0 0 0 0 0 0 0 0 0 0 0 0 0 0 0 0 0 0 0 0 0 0 0 0 0 0 0 0 0 0 0 0 0 0 0 0 0 0 0 0 0 0 0 0 0 0 0 0 0 0 0 0 0 0 0 17 0 0 0 0 0 0 0 0 0 0 0 0 0 0 0 0 0 0 0 0 0 0 0 0 0 0 0 0 0 0 0 215 1 0 0 73 153 11 0 1 0 0 0 0 0 0 0 0 0 0 0 2 0 0 0 0 0 0 0 0 0 0 0 48 0 0 0 255 255 255 255 5 0 2 0 0 0 0 0 data 6 0x20005 0x4b92 0x1fc058a0 0xfa1f 0x1bda3840 0x2d8a oops 2 2 com/google/common/collect/RegularImmutableList 4 com/google/common/collect/RegularImmutableMap$EntrySet$1
ciMethodData com/google/common/collect/ImmutableList listIterator (I)Lcom/google/common/collect/UnmodifiableListIterator; 2 5605 orig 264 88 29 254 118 0 0 0 0 32 137 152 23 0 0 0 0 240 1 0 0 112 0 0 0 0 0 0 0 0 0 0 0 0 0 0 0 0 0 0 0 0 0 0 0 0 0 0 0 0 0 0 0 0 0 0 0 0 0 0 0 0 0 0 0 0 0 0 0 0 0 0 0 0 0 0 0 0 0 0 0 77 68 79 32 101 120 116 114 97 32 100 97 116 97 32 108 111 99 107 0 0 0 0 0 0 0 0 0 0 0 0 0 0 0 0 0 0 0 0 0 0 0 0 0 0 0 0 0 0 0 0 0 0 0 0 0 0 0 0 0 0 0 0 0 0 0 0 0 0 0 0 0 0 0 0 0 0 0 0 0 0 0 0 0 0 0 0 0 0 0 0 0 0 0 0 0 0 0 0 0 0 0 0 0 25 0 0 0 0 0 0 0 0 0 0 0 0 0 0 0 0 0 0 0 0 0 0 0 0 0 0 0 0 0 0 0 215 1 0 0 113 160 0 0 1 0 0 0 0 0 0 0 0 0 0 0 2 0 0 0 0 0 16 0 2 0 0 0 160 0 0 0 255 255 255 255 5 0 2 0 0 0 0 0 data 20 0x20005 0xec 0x1fc058a0 0x12b3 0x1bda3840 0x6f 0x50002 0x140e 0xa0005 0xec 0x1fc058a0 0x12b3 0x1bda3840 0x6f 0xd0007 0x52a 0x20 0xee4 0x1a0002 0x52a oops 4 2 com/google/common/collect/RegularImmutableList 4 com/google/common/collect/RegularImmutableMap$EntrySet$1 10 com/google/common/collect/RegularImmutableList 12 com/google/common/collect/RegularImmutableMap$EntrySet$1
ciMethodData com/google/common/collect/ImmutableList$Itr <init> (Lcom/google/common/collect/ImmutableList;I)V 2 7547 orig 264 88 29 254 118 0 0 0 0 8 135 162 23 0 0 0 0 152 1 0 0 0 0 0 0 0 0 0 0 0 0 0 0 0 0 0 0 0 0 0 0 0 0 0 0 0 0 0 0 0 0 0 0 0 0 0 0 0 0 0 0 0 0 0 0 0 0 0 0 0 0 0 0 0 0 0 0 0 0 0 0 77 68 79 32 101 120 116 114 97 32 100 97 116 97 32 108 111 99 107 0 0 0 0 0 0 0 0 0 0 0 0 0 0 0 0 0 0 0 0 0 0 0 0 0 0 0 0 0 0 0 0 0 0 0 0 0 0 0 0 0 0 0 0 0 0 0 0 0 0 0 0 0 0 0 0 0 0 0 0 0 0 0 0 0 0 0 0 0 0 0 0 0 0 0 0 0 0 0 0 0 0 0 0 0 17 0 0 0 0 0 0 0 0 0 0 0 0 0 0 0 1 0 0 0 0 0 0 0 0 0 0 0 0 0 0 0 23 0 0 0 33 235 0 0 1 0 0 0 0 0 0 0 0 0 0 0 2 0 0 0 0 0 11 0 2 0 0 0 64 0 0 0 255 255 255 255 5 0 2 0 0 0 0 0 data 8 0x20005 0x8c 0x1fc058a0 0x1c8f 0x1bda3840 0x49 0x60002 0x1d64 oops 2 2 com/google/common/collect/RegularImmutableList 4 com/google/common/collect/RegularImmutableMap$EntrySet$1
ciMethod org/gradle/api/internal/collections/DefaultCollectionEventRegister getAddActions ()Lorg/gradle/internal/ImmutableActionSet; 1025 1 128 0 0
ciMethod org/gradle/api/internal/DefaultNamedDomainObjectCollection$UnfilteredIndex get (Ljava/lang/String;)Ljava/lang/Object; 2049 1 5378 0 672
ciMethod org/gradle/api/internal/TaskInternal getInputs ()Lorg/gradle/api/internal/TaskInputsInternal; 0 0 1 0 -1
ciMethod org/gradle/api/internal/TaskInternal getOutputs ()Lorg/gradle/api/internal/TaskOutputsInternal; 0 0 1 0 -1
ciMethod org/gradle/api/internal/TaskInternal getState ()Lorg/gradle/api/internal/tasks/TaskStateInternal; 0 0 1 0 -1
ciMethod org/gradle/api/internal/TaskInternal prependParallelSafeAction (Lorg/gradle/api/Action;)V 0 0 1 0 -1
ciMethod org/gradle/api/internal/TaskInternal getLocalState ()Lorg/gradle/api/tasks/TaskLocalState; 0 0 1 0 -1
ciMethod org/gradle/api/internal/TaskInternal getDestroyables ()Lorg/gradle/api/tasks/TaskDestroyables; 0 0 1 0 -1
ciMethod org/gradle/api/internal/AbstractTask injectIntoNewInstance (Lorg/gradle/api/internal/project/ProjectInternal;Lorg/gradle/api/internal/project/taskfactory/TaskIdentity;Ljava/util/concurrent/Callable;)Lorg/gradle/api/Task; 2049 1 5464 0 0
ciMethodData com/google/common/collect/AbstractIndexedListIterator next ()Ljava/lang/Object; 2 60895 orig 264 88 29 254 118 0 0 0 0 104 142 162 23 0 0 0 0 216 1 0 0 96 0 0 0 0 0 0 0 0 0 0 0 0 0 0 0 0 0 0 0 0 0 0 0 0 0 0 0 0 0 0 0 0 0 0 0 0 0 0 0 0 0 0 0 0 0 0 0 0 0 0 0 0 0 0 0 0 0 0 0 77 68 79 32 101 120 116 114 97 32 100 97 116 97 32 108 111 99 107 0 0 0 0 0 0 0 0 0 0 0 0 0 0 0 0 0 0 0 0 0 0 0 0 0 0 0 0 0 0 0 0 0 0 0 0 0 0 0 0 0 0 0 0 0 1 0 0 0 0 0 0 0 0 0 0 0 0 0 0 0 0 0 0 0 0 0 0 0 0 0 0 0 0 0 0 0 0 4 0 0 0 0 0 0 25 0 0 0 0 0 0 0 0 0 0 0 0 0 0 0 0 0 0 0 0 0 0 0 0 0 0 0 0 0 0 0 128 1 0 0 233 44 7 0 1 0 0 0 0 0 0 0 0 0 0 0 2 0 0 0 0 0 5 0 2 0 0 0 144 0 0 0 255 255 255 255 5 0 1 0 0 0 0 0 data 18 0x10005 0x5 0x1fc05950 0xe59c 0x0 0x0 0x40007 0xe596 0x30 0x0 0xb0002 0x0 0x1b0005 0x0 0x1fc05950 0xe596 0x197fddb0 0x9 oops 3 2 com/google/common/collect/ImmutableList$Itr 14 com/google/common/collect/ImmutableList$Itr 16 com/google/common/collect/FluentIterable$3$1
ciMethodData com/google/common/collect/ImmutableList$Itr get (I)Ljava/lang/Object; 2 6566 orig 264 88 29 254 118 0 0 0 0 192 135 162 23 0 0 0 0 128 1 0 0 0 0 0 0 0 0 0 0 0 0 0 0 0 0 0 0 0 0 0 0 0 0 0 0 0 0 0 0 0 0 0 0 0 0 0 0 0 0 0 0 0 0 0 0 0 0 0 0 0 0 0 0 0 0 0 0 0 0 0 0 77 68 79 32 101 120 116 114 97 32 100 97 116 97 32 108 111 99 107 0 0 0 0 0 0 0 0 0 0 0 0 0 0 0 0 0 0 0 0 0 0 0 0 0 0 0 0 0 0 0 0 0 0 0 0 0 0 0 0 0 0 0 0 0 0 0 0 0 0 0 0 0 0 0 0 0 0 0 0 0 0 0 0 0 0 0 0 0 0 0 0 0 0 0 0 0 0 0 0 0 0 0 0 0 0 0 0 0 0 0 0 0 0 0 0 0 0 0 0 0 0 0 0 0 0 0 0 0 0 0 0 0 0 0 0 0 128 1 0 0 49 193 0 0 1 0 0 0 0 0 0 0 0 0 0 0 2 0 0 0 0 0 3 0 2 0 0 0 48 0 0 0 255 255 255 255 5 0 5 0 0 0 0 0 data 6 0x50005 0x350 0x1bda3840 0x23f 0x1fc058a0 0x129c oops 2 2 com/google/common/collect/RegularImmutableMap$EntrySet$1 4 com/google/common/collect/RegularImmutableList
ciMethod org/gradle/api/internal/tasks/properties/PropertyVisitor visitOutputFilePropertiesOnly ()Z 0 0 1 0 -1
ciMethod org/gradle/api/internal/tasks/properties/PropertyVisitor visitDestroyableProperty (Ljava/lang/Object;)V 0 0 1 0 -1
ciMethod org/gradle/api/internal/tasks/properties/PropertyVisitor visitLocalStateProperty (Ljava/lang/Object;)V 0 0 1 0 -1
ciMethod org/apache/commons/lang/StringUtils isEmpty (Ljava/lang/String;)Z 4097 1 24507 0 96
ciMethod org/apache/commons/lang/StringUtils containsAny (Ljava/lang/String;[C)Z 857 147457 437 0 640
ciMethodData com/google/common/base/Preconditions checkPositionIndex (II)I 2 22537 orig 264 88 29 254 118 0 0 0 0 16 237 161 23 0 0 0 0 96 1 0 0 0 0 0 0 0 0 0 0 0 0 0 0 0 0 0 0 0 0 0 0 0 0 0 0 0 0 0 0 0 0 0 0 0 0 0 0 0 0 0 0 0 0 0 0 0 0 0 0 0 0 0 0 0 0 0 0 0 0 0 0 77 68 79 32 101 120 116 114 97 32 100 97 116 97 32 108 111 99 107 0 0 0 0 0 0 0 0 0 0 0 0 0 0 0 0 0 0 0 0 0 0 0 0 0 0 0 0 0 0 0 0 0 0 0 0 0 0 0 0 0 0 0 0 0 0 0 0 0 0 0 0 0 0 0 0 0 0 0 0 0 0 0 0 0 0 0 0 0 0 0 0 0 0 0 0 0 0 0 0 0 0 0 0 0 25 0 0 0 0 0 0 0 0 0 0 0 0 0 0 0 0 0 0 0 0 0 0 0 0 0 0 0 0 0 0 0 233 0 0 0 1 185 2 0 1 0 0 0 0 0 0 0 0 0 0 0 2 0 0 0 0 0 9 0 2 0 0 0 16 0 0 0 255 255 255 255 2 0 4 0 0 0 0 0 data 2 0x40002 0x5720 oops 0
ciMethodData org/apache/commons/lang/StringUtils isEmpty (Ljava/lang/String;)Z 2 24507 orig 264 88 29 254 118 0 0 0 0 168 148 2 31 0 0 0 0 208 1 0 0 80 0 0 0 0 0 0 0 0 0 0 0 0 0 0 0 0 0 0 0 0 0 0 0 0 0 0 0 0 0 0 0 0 0 0 0 0 0 0 0 0 0 0 0 0 0 0 0 0 0 0 0 0 0 0 0 0 0 0 0 77 68 79 32 101 120 116 114 97 32 100 97 116 97 32 108 111 99 107 0 0 0 0 0 0 0 0 0 0 0 0 0 0 0 0 0 0 0 0 0 0 0 0 0 0 0 0 0 0 0 0 0 0 0 0 0 0 0 0 0 0 0 0 0 0 0 0 0 0 0 0 0 0 0 0 0 0 0 0 0 0 0 0 0 0 0 0 0 0 0 0 0 0 0 0 0 0 0 0 0 0 0 0 0 1 0 0 0 0 0 0 0 0 0 0 0 0 0 0 0 1 0 0 0 0 0 0 0 0 0 0 0 0 0 0 0 0 2 0 0 217 237 2 0 1 0 0 0 0 0 0 0 0 0 0 0 2 0 0 0 0 0 9 0 2 0 0 0 136 0 0 0 255 255 255 255 7 0 1 0 0 0 0 0 data 17 0x10007 0x0 0x70 0x5dbb 0x50005 0x177 0x306a660 0x5c44 0x0 0x0 0x80007 0x4262 0x38 0x1b59 0xc0003 0x1b59 0x18 oops 1 6 java/lang/String
ciMethodData java/lang/String compareTo (Ljava/lang/Object;)I 0 0 orig 264 88 29 254 118 0 0 0 0 248 119 62 23 0 0 0 0 176 1 0 0 0 0 0 0 0 0 0 0 0 0 0 0 0 0 0 0 0 0 0 0 0 0 0 0 0 0 0 0 0 0 0 0 0 0 0 0 0 0 0 0 0 0 0 0 0 0 0 0 0 0 0 0 0 0 0 0 0 0 0 0 77 68 79 32 101 120 116 114 97 32 100 97 116 97 32 108 111 99 107 0 0 0 0 0 0 0 0 0 0 0 0 0 0 0 0 0 0 0 0 0 0 0 0 0 0 0 0 0 0 0 0 0 0 0 0 0 0 0 0 0 0 0 0 0 0 0 0 0 0 0 0 0 0 0 0 0 0 0 0 0 0 0 0 0 2 0 0 0 0 0 0 0 0 0 0 0 0 0 0 0 0 0 0 0 17 0 0 0 0 0 0 0 0 0 0 0 0 0 0 0 3 0 0 0 0 0 0 0 0 0 0 0 0 0 0 0 52 1 0 0 161 82 2 0 1 0 0 0 0 0 0 0 0 0 0 0 2 0 0 0 0 0 3 0 2 0 0 0 96 0 0 0 255 255 255 255 4 64 2 0 0 0 0 0 data 12 0x24004 0xffffffffffffffff 0x306a660 0x1875 0x100000610 0x1 0x50005 0x0 0x100001610 0x4a54 0x0 0x0 oops 3 2 java/lang/String